#
# A fatal error has been detected by the Java Runtime Environment:
#
#  EXCEPTION_ACCESS_VIOLATION (0xc0000005) at pc=0x00007ffeaaef3dad, pid=15716, tid=13540
#
# JRE version: Java(TM) SE Runtime Environment (9.0+11) (build 9.0.4+11)
# Java VM: Java HotSpot(TM) 64-Bit Server VM (9.0.4+11, mixed mode, tiered, compressed oops, g1 gc, windows-amd64)
# Problematic frame:
# C  0x00007ffeaaef3dad
#
# No core dump will be written. Minidumps are not enabled by default on client versions of Windows
#
# If you would like to submit a bug report, please visit:
#   http://bugreport.java.com/bugreport/crash.jsp
# The crash happened outside the Java Virtual Machine in native code.
# See problematic frame for where to report the bug.
#

---------------  S U M M A R Y ------------

Command Line: -Dsun.java2d.pmoffscreen=false -Dsun.java2d.xrender=false -Dsun.java2d.d3d=false -Dsun.awt.nopixfmt=true -Dsun.java2d.dpiaware=true -Dsun.java2d.uiScale.enabled=false -Xverify:none -Dswing.aatext=true -XX:-UsePerfData -Djdk.map.althashing.threshold=512 -XX:StringTableSize=4072 --add-opens=java.base/java.nio=ALL-UNNAMED --add-opens=java.desktop/sun.swing=ALL-UNNAMED --add-opens=java.desktop/javax.swing=ALL-UNNAMED --add-opens=java.desktop/javax.swing.tree=ALL-UNNAMED --add-opens=java.desktop/javax.swing.plaf.basic=ALL-UNNAMED --add-opens=java.desktop/javax.swing.plaf.synth=ALL-UNNAMED --add-opens=java.desktop/com.sun.awt=ALL-UNNAMED -XX:NewSize=60m -XX:MaxNewSize=60m -Xms128m -Xmx3072m -Xss5m 

Host: Intel(R) Core(TM) i7-8565U CPU @ 1.80GHz, 8 cores, 7G,  Windows 10 , 64 bit Build 18362 (10.0.18362.329)
Time: Thu Oct 17 23:32:59 2019 Pacific Daylight Time elapsed time: 13987 seconds (0d 3h 53m 7s)

---------------  T H R E A D  ---------------

Current thread (0x0000012a25bcb000):  JavaThread "AWT-EventQueue-1" [_thread_in_native, id=13540, stack(0x0000000e9c600000,0x0000000e9cb00000)]

Stack: [0x0000000e9c600000,0x0000000e9cb00000],  sp=0x0000000e9caf8e70,  free space=5091k
Native frames: (J=compiled Java code, j=interpreted, Vv=VM code, C=native code)

Java frames: (J=compiled Java code, j=interpreted, Vv=VM code)
J 25015  ui.data.labtools.lthwdatai.HWDevice_getStatus(J)Ljava/lang/String; (0 bytes) @ 0x0000012a168b2221 [0x0000012a168b21e0+0x0000000000000041]
j  ui.data.labtools.d.cH()Ljava/lang/String;+4
j  ui.b.t.ag.cTv()V+70
j  ui.b.t.ag.av(Lui/data/bh;)V+13
j  ui.b.c.bL.ax(Lui/data/bh;)V+7
j  ui.b.c.bl.ax(Lui/data/bh;)V+35
j  ui.views.cz.ax(Lui/data/bh;)V+5
j  ui.views.cz.display()V+107
j  ui.views.cz.fhz()V+52
J 23682 c1 ui.views.cz.df(Ljava/util/Collection;)V (264 bytes) @ 0x0000012a10c79a74 [0x0000012a10c77060+0x0000000000002a14]
j  ui.views.cz.bC(Lui/data/bh;)V+7
j  ui.views.cz.j(Ljava/lang/Object;)V+30
j  ui.views.bD.j(Ljava/lang/Object;)V+2
J 22209 c1 ui.data.u.a(Lui/data/aa;Lui/frmwork/b/i;)V (2320 bytes) @ 0x0000012a1098c0f4 [0x0000012a1097b700+0x00000000000109f4]
J 22208 c1 ui.data.Z.a(Lui/frmwork/b/i;)V (9 bytes) @ 0x0000012a0feae05c [0x0000012a0feadfc0+0x000000000000009c]
J 22781 c2 ui.frmwork.HTclEventBroker.i(JZ)V (471 bytes) @ 0x0000012a16c4c31c [0x0000012a16c4b480+0x0000000000000e9c]
J 22059 c1 ui.frmwork.HTclEventBroker$$Lambda$204.run()V (12 bytes) @ 0x0000012a0feebf5c [0x0000012a0feebe80+0x00000000000000dc]
J 14340 c2 java.awt.EventQueue$3.run()Ljava/lang/Object; java.desktop@9.0.4 (5 bytes) @ 0x0000012a16121938 [0x0000012a16121180+0x00000000000007b8]
v  ~StubRoutines::call_stub
J 3811  java.security.AccessController.doPrivileged(Ljava/security/PrivilegedAction;Ljava/security/AccessControlContext;)Ljava/lang/Object; java.base@9.0.4 (0 bytes) @ 0x0000012a158068c6 [0x0000012a15806860+0x0000000000000066]
J 14271 c2 ui.frmwork.b.d.dispatchEvent(Ljava/awt/AWTEvent;)V (34 bytes) @ 0x0000012a16107424 [0x0000012a16106e00+0x0000000000000624]
J 24199 c2 java.awt.EventDispatchThread.pumpOneEventForFilters(I)V java.desktop@9.0.4 (218 bytes) @ 0x0000012a15dc3628 [0x0000012a15dc3380+0x00000000000002a8]
J 22804 c2 java.awt.EventDispatchThread.pumpEventsForFilter(ILjava/awt/Conditional;Ljava/awt/EventFilter;)V java.desktop@9.0.4 (47 bytes) @ 0x0000012a16c7414c [0x0000012a16c73f60+0x00000000000001ec]
j  java.awt.EventDispatchThread.pumpEventsForFilter(Ljava/awt/Conditional;Ljava/awt/EventFilter;)V+4 java.desktop@9.0.4
j  java.awt.WaitDispatchSupport$2.run()V+59 java.desktop@9.0.4
j  java.awt.WaitDispatchSupport$4.run()Ljava/lang/Void;+4 java.desktop@9.0.4
j  java.awt.WaitDispatchSupport$4.run()Ljava/lang/Object;+1 java.desktop@9.0.4
v  ~StubRoutines::call_stub
J 1046  java.security.AccessController.doPrivileged(Ljava/security/PrivilegedAction;)Ljava/lang/Object; java.base@9.0.4 (0 bytes) @ 0x0000012a1565a832 [0x0000012a1565a7e0+0x0000000000000052]
j  java.awt.WaitDispatchSupport.enter()Z+260 java.desktop@9.0.4
j  java.awt.Dialog.show()V+225 java.desktop@9.0.4
J 8861 c1 java.awt.Component.setVisible(Z)V java.desktop@9.0.4 (6 bytes) @ 0x0000012a0e0f5f4c [0x0000012a0e0f5d60+0x00000000000001ec]
j  java.awt.Window.setVisible(Z)V+2 java.desktop@9.0.4
j  java.awt.Dialog.setVisible(Z)V+2 java.desktop@9.0.4
j  ui.b.c.g.setVisible(Z)V+2
j  ui.b.c.by.showDialog()V+64
j  ui.b.c.bF.cX()V+4
j  ui.b.c.bF$$Lambda$249.run()V+4
J 14340 c2 java.awt.EventQueue$3.run()Ljava/lang/Object; java.desktop@9.0.4 (5 bytes) @ 0x0000012a161216cc [0x0000012a16121180+0x000000000000054c]
v  ~StubRoutines::call_stub
J 3811  java.security.AccessController.doPrivileged(Ljava/security/PrivilegedAction;Ljava/security/AccessControlContext;)Ljava/lang/Object; java.base@9.0.4 (0 bytes) @ 0x0000012a158068c6 [0x0000012a15806860+0x0000000000000066]
J 14271 c2 ui.frmwork.b.d.dispatchEvent(Ljava/awt/AWTEvent;)V (34 bytes) @ 0x0000012a16107424 [0x0000012a16106e00+0x0000000000000624]
J 24199 c2 java.awt.EventDispatchThread.pumpOneEventForFilters(I)V java.desktop@9.0.4 (218 bytes) @ 0x0000012a15dc3628 [0x0000012a15dc3380+0x00000000000002a8]
J 19527% c2 java.awt.EventDispatchThread.pumpEventsForFilter(ILjava/awt/Conditional;Ljava/awt/EventFilter;)V java.desktop@9.0.4 (47 bytes) @ 0x0000012a16868dc0 [0x0000012a16868cc0+0x0000000000000100]
j  java.awt.EventDispatchThread.pumpEventsForHierarchy(ILjava/awt/Conditional;Ljava/awt/Component;)V+11 java.desktop@9.0.4
j  java.awt.EventDispatchThread.pumpEvents(ILjava/awt/Conditional;)V+4 java.desktop@9.0.4
j  java.awt.EventDispatchThread.pumpEvents(Ljava/awt/Conditional;)V+3 java.desktop@9.0.4
j  java.awt.EventDispatchThread.run()V+9 java.desktop@9.0.4
v  ~StubRoutines::call_stub

siginfo: EXCEPTION_ACCESS_VIOLATION (0xc0000005), reading address 0xffffffffffffffff


Register to memory mapping:

RIP=0x00007ffeaaef3dad is an unknown value
RAX=0x0000000e9caf8f08 is pointing into the stack for thread: 0x0000012a25bcb000
RBX=0x005f016e0003fff9 is an unknown value
RCX=0x0000012a2ba75280 is an unknown value
RDX=0x000000000000002f is an unknown value
RSP=0x0000000e9caf8e70 is pointing into the stack for thread: 0x0000012a25bcb000
RBP=0x0000000000000000 is an unknown value
RSI=0x0000012a2ba75280 is an unknown value
RDI=0x0000012a2b571430 is an unknown value
R8 =0x0000000000000000 is an unknown value
R9 =0x0000000000000000 is an unknown value
R10=0x0000000000008000 is an unknown value
R11=0x0000000e9caf8e60 is pointing into the stack for thread: 0x0000012a25bcb000
R12=0x0000000000000000 is an unknown value
R13=0x0000000e9caf90d0 is pointing into the stack for thread: 0x0000012a25bcb000
R14=0x0000000000000000 is an unknown value
R15=0x0000012a25bcb000 is a thread


Registers:
RAX=0x0000000e9caf8f08, RBX=0x005f016e0003fff9, RCX=0x0000012a2ba75280, RDX=0x000000000000002f
RSP=0x0000000e9caf8e70, RBP=0x0000000000000000, RSI=0x0000012a2ba75280, RDI=0x0000012a2b571430
R8 =0x0000000000000000, R9 =0x0000000000000000, R10=0x0000000000008000, R11=0x0000000e9caf8e60
R12=0x0000000000000000, R13=0x0000000e9caf90d0, R14=0x0000000000000000, R15=0x0000012a25bcb000
RIP=0x00007ffeaaef3dad, EFLAGS=0x0000000000010202

Top of Stack: (sp=0x0000000e9caf8e70)
0x0000000e9caf8e70:   0000000e9caf8f08 0000000e9caf8f08
0x0000000e9caf8e80:   0000000e9caf90b0 0000012a25bcb218
0x0000000e9caf8e90:   fffffffffffffffe 00656c62616d6d61
0x0000000e9caf8ea0:   0000000000000000 0000012a2b571430
0x0000000e9caf8eb0:   0000012a25bcb218 00007ffeaaf33aad
0x0000000e9caf8ec0:   0000012a2b571430 00007ffe0000002f
0x0000000e9caf8ed0:   0000000e9caf90b0 0000012a159ac1f8
0x0000000e9caf8ee0:   fffffffffffffffe 0000012a15bb62b8
0x0000000e9caf8ef0:   0000000e9caf8fc0 00007ffead343028
0x0000000e9caf8f00:   0000000e0000002f 0000012a0000002f
0x0000000e9caf8f10:   0000000703658600 e023c18400000000
0x0000000e9caf8f20:   0000000700000001 fffffffffffffffe
0x0000000e9caf8f30:   0000000700a85b68 00007ffead586c57
0x0000000e9caf8f40:   0000012a3145da58 0000000e9caf8fc0
0x0000000e9caf8f50:   0000000700b892b0 00000007036585f0
0x0000000e9caf8f60:   0000012a25bcb218 fffffffffffffffe 

Instructions: (pc=0x00007ffeaaef3dad)
0x00007ffeaaef3d8d:   c7 44 24 20 fe ff ff ff 48 89 5c 24 50 48 89 6c
0x00007ffeaaef3d9d:   24 60 41 0f b6 e9 45 8b f0 48 8b f1 48 8b 59 08
0x00007ffeaaef3dad:   48 8b 7b 08 80 7f 19 00 75 2d 66 0f 1f 84 00 00
0x00007ffeaaef3dbd:   00 00 00 48 8d 4f 20 48 8d 54 24 58 e8 92 aa ff 



---------------  P R O C E S S  ---------------

Java Threads: ( => current thread )
  0x0000012a92c1b000 JavaThread "Refresh Changed Modules" [_thread_blocked, id=5632, stack(0x0000000ea1300000,0x0000000ea1800000)]
  0x0000012a2ab7e000 JavaThread "SyntheticaAnimation 50" daemon [_thread_blocked, id=18276, stack(0x0000000e9fc00000,0x0000000ea0100000)]
  0x0000012a2ab87000 JavaThread "Image Animator 0" daemon [_thread_blocked, id=16044, stack(0x0000000ea2200000,0x0000000ea2700000)]
  0x0000012a2ab81800 JavaThread "Thread-465" [_thread_in_native, id=13752, stack(0x0000000e9eb00000,0x0000000e9ec00000)]
  0x0000012a2ab7e800 JavaThread "SyntheticaAnimation 50" daemon [_thread_blocked, id=18248, stack(0x0000000e9f600000,0x0000000e9fb00000)]
  0x0000012a2ab7d000 JavaThread "Thread-32" [_thread_in_native, id=12004, stack(0x0000000e9e700000,0x0000000e9e800000)]
  0x0000012a2ab7c800 JavaThread "Update Runs Swing Worker" [_thread_blocked, id=15328, stack(0x0000000ea0500000,0x0000000ea0a00000)]
  0x0000012a7d331800 JavaThread "hw_ila_monitor" [_thread_blocked, id=7304, stack(0x0000000e9f100000,0x0000000e9f600000)]
  0x0000012a7d32d000 JavaThread "Refresh Filesets Swing Worker" [_thread_blocked, id=10064, stack(0x0000000e9cb00000,0x0000000e9d000000)]
  0x0000012a7d32c800 JavaThread "SyntheticaAnimation 70" daemon [_thread_blocked, id=18204, stack(0x0000000e9ec00000,0x0000000e9f100000)]
  0x0000012a7d332800 JavaThread "SyntheticaAnimation 25" daemon [_thread_blocked, id=13372, stack(0x0000000e9e200000,0x0000000e9e700000)]
  0x0000012a7d330000 JavaThread "SyntheticaAnimation 50" daemon [_thread_blocked, id=17320, stack(0x0000000e9dd00000,0x0000000e9e200000)]
  0x0000012a7d32f800 JavaThread "Monitor HEventQueue" [_thread_blocked, id=8464, stack(0x0000000e9d800000,0x0000000e9dd00000)]
  0x0000012a7d32e800 JavaThread "SyntheticaCleanerThread" daemon [_thread_blocked, id=14508, stack(0x0000000e9d000000,0x0000000e9d500000)]
  0x0000012a7d32e000 JavaThread "Batik CleanerThread" daemon [_thread_blocked, id=14004, stack(0x0000000e9bc00000,0x0000000e9c100000)]
=>0x0000012a25bcb000 JavaThread "AWT-EventQueue-1" [_thread_in_native, id=13540, stack(0x0000000e9c600000,0x0000000e9cb00000)]
  0x0000012a25bd9000 JavaThread "Process Messages" [_thread_blocked, id=17992, stack(0x0000000e9c100000,0x0000000e9c600000)]
  0x0000012a24fe7000 JavaThread "Thread-1" [_thread_in_native, id=1324, stack(0x0000000e94f00000,0x0000000e96300000)]
  0x0000012a00f54000 JavaThread "TimerQueue" daemon [_thread_blocked, id=17344, stack(0x0000000e9b200000,0x0000000e9b700000)]
  0x0000012a00a0e000 JavaThread "AWT-Windows" daemon [_thread_in_native, id=13892, stack(0x0000000e9ad00000,0x0000000e9b200000)]
  0x0000012a00bbd800 JavaThread "AWT-Shutdown" [_thread_blocked, id=7660, stack(0x0000000e9a800000,0x0000000e9ad00000)]
  0x0000012a00eba800 JavaThread "Java2D Disposer" daemon [_thread_blocked, id=15768, stack(0x0000000e9a300000,0x0000000e9a800000)]
  0x0000012a00681000 JavaThread "Service Thread" daemon [_thread_blocked, id=11104, stack(0x0000000e99d00000,0x0000000e9a200000)]
  0x0000012a06848000 JavaThread "Common-Cleaner" daemon [_thread_blocked, id=5672, stack(0x0000000e99800000,0x0000000e99d00000)]
  0x0000012a7d333000 JavaThread "Sweeper thread" daemon [_thread_blocked, id=4260, stack(0x0000000e99300000,0x0000000e99800000)]
  0x0000012a00361000 JavaThread "C1 CompilerThread3" daemon [_thread_blocked, id=1288, stack(0x0000000e99200000,0x0000000e99300000)]
  0x0000012a00360000 JavaThread "C2 CompilerThread2" daemon [_thread_blocked, id=2440, stack(0x0000000e99100000,0x0000000e99200000)]
  0x0000012a0035f800 JavaThread "C2 CompilerThread1" daemon [_thread_blocked, id=11840, stack(0x0000000e99000000,0x0000000e99100000)]
  0x0000012a06eb2800 JavaThread "C2 CompilerThread0" daemon [_thread_blocked, id=13104, stack(0x0000000e98f00000,0x0000000e99000000)]
  0x0000012a06553000 JavaThread "Attach Listener" daemon [_thread_blocked, id=13192, stack(0x0000000e98a00000,0x0000000e98f00000)]
  0x0000012a06552800 JavaThread "Signal Dispatcher" daemon [_thread_blocked, id=960, stack(0x0000000e98500000,0x0000000e98a00000)]
  0x0000012a06455000 JavaThread "Finalizer" daemon [_thread_blocked, id=3668, stack(0x0000000e98000000,0x0000000e98500000)]
  0x0000012a06454800 JavaThread "Reference Handler" daemon [_thread_blocked, id=1368, stack(0x0000000e97b00000,0x0000000e98000000)]
  0x0000012a78dc2800 JavaThread "main" [_thread_blocked, id=10956, stack(0x0000000e96500000,0x0000000e96600000)]

Other Threads:
  0x0000012a78c99800 VMThread "VM Thread" [stack: 0x0000000e97a00000,0x0000000e97b00000] [id=932]
  0x0000012a00681800 WatcherThread [stack: 0x0000000e9a200000,0x0000000e9a300000] [id=15732]
  0x0000012a0018a000 GCTaskThread "GC Thread#0" [stack: 0x0000000e96600000,0x0000000e96700000] [id=1848]
  0x0000012a0020f000 GCTaskThread "GC Thread#1" [stack: 0x0000000e96700000,0x0000000e96800000] [id=11640]
  0x0000012a00211800 GCTaskThread "GC Thread#2" [stack: 0x0000000e96800000,0x0000000e96900000] [id=14840]
  0x0000012a00215000 GCTaskThread "GC Thread#3" [stack: 0x0000000e96900000,0x0000000e96a00000] [id=11320]
  0x0000012a00210000 GCTaskThread "GC Thread#4" [stack: 0x0000000e96a00000,0x0000000e96b00000] [id=2284]
  0x0000012a00212000 GCTaskThread "GC Thread#5" [stack: 0x0000000e96b00000,0x0000000e96c00000] [id=17824]
  0x0000012a00212800 GCTaskThread "GC Thread#6" [stack: 0x0000000e96c00000,0x0000000e96d00000] [id=13900]
  0x0000012a00214800 GCTaskThread "GC Thread#7" [stack: 0x0000000e96d00000,0x0000000e96e00000] [id=5692]
  0x0000012a00281000 ConcurrentGCThread "G1 Main Marker" [stack: 0x0000000e97700000,0x0000000e97800000] [id=13052]
  0x0000012a00213800 ConcurrentGCThread "G1 Marker#0" [stack: 0x0000000e97800000,0x0000000e97900000] [id=9452]
  0x0000012a00214000 ConcurrentGCThread "G1 Marker#1" [stack: 0x0000000e97900000,0x0000000e97a00000] [id=13232]
  0x0000012a7daf0800 ConcurrentGCThread "G1 Refine#0" [stack: 0x0000000e97500000,0x0000000e97600000] [id=12336]
  0x0000012a0021a800 ConcurrentGCThread "G1 Refine#1" [stack: 0x0000000e97400000,0x0000000e97500000] [id=13216]
  0x0000012a7d5fe000 ConcurrentGCThread "G1 Refine#2" [stack: 0x0000000e97300000,0x0000000e97400000] [id=7376]
  0x0000012a069a4000 ConcurrentGCThread "G1 Refine#3" [stack: 0x0000000e97200000,0x0000000e97300000] [id=13788]
  0x0000012a069a3800 ConcurrentGCThread "G1 Refine#4" [stack: 0x0000000e97100000,0x0000000e97200000] [id=10668]
  0x0000012a01462800 ConcurrentGCThread "G1 Refine#5" [stack: 0x0000000e97000000,0x0000000e97100000] [id=7696]
  0x0000012a79532000 ConcurrentGCThread "G1 Refine#6" [stack: 0x0000000e96f00000,0x0000000e97000000] [id=6476]
  0x0000012a06400800 ConcurrentGCThread "G1 Refine#7" [stack: 0x0000000e96e00000,0x0000000e96f00000] [id=12020]
  0x0000012a7daf1000 ConcurrentGCThread "G1 Young RemSet Sampling" [stack: 0x0000000e97600000,0x0000000e97700000] [id=9440]

Threads with active compile tasks:

VM state:not at safepoint (normal execution)

VM Mutex/Monitor currently owned by a thread: None

Heap address: 0x0000000700000000, size: 3072 MB, Compressed Oops mode: Zero based, Oop shift amount: 3
Narrow klass base: 0x0000000000000000, Narrow klass shift: 3
Compressed class space size: 1073741824 Address: 0x00000007c0000000

Heap:
 garbage-first heap   total 266240K, used 192013K [0x0000000700000000, 0x0000000700100820, 0x00000007c0000000)
  region size 1024K, 41 young (41984K), 2 survivors (2048K)
 Metaspace       used 102577K, capacity 106799K, committed 108668K, reserved 1142784K
  class space    used 14535K, capacity 15296K, committed 15740K, reserved 1048576K
Heap Regions: E=young(eden), S=young(survivor), O=old, HS=humongous(starts), HC=humongous(continues), CS=collection set, F=free, A=archive, TS=gc time stamp, AC=allocation context, TAMS=top-at-mark-start (previous, next)
|   0|0x0000000700000000, 0x00000007000fb570, 0x0000000700100000| 98%| O|  |TS  0|AC  0|TAMS 0x00000007000fb570, 0x00000007000fb570|
|   1|0x0000000700100000, 0x0000000700200000, 0x0000000700200000|100%|HS|  |TS  0|AC  0|TAMS 0x0000000700200000, 0x0000000700200000|
|   2|0x0000000700200000, 0x0000000700300000, 0x0000000700300000|100%|HC|  |TS  0|AC  0|TAMS 0x0000000700300000, 0x0000000700300000|
|   3|0x0000000700300000, 0x0000000700400000, 0x0000000700400000|100%|HS|  |TS  0|AC  0|TAMS 0x0000000700400000, 0x0000000700400000|
|   4|0x0000000700400000, 0x00000007004fa580, 0x0000000700500000| 97%| O|  |TS  0|AC  0|TAMS 0x00000007004fa580, 0x00000007004fa580|
|   5|0x0000000700500000, 0x00000007005ffc18, 0x0000000700600000| 99%| O|  |TS  0|AC  0|TAMS 0x00000007005ffc18, 0x00000007005ffc18|
|   6|0x0000000700600000, 0x00000007006ffff8, 0x0000000700700000| 99%| O|  |TS  0|AC  0|TAMS 0x00000007006ffff8, 0x00000007006ffff8|
|   7|0x0000000700700000, 0x00000007007ffff8, 0x0000000700800000| 99%| O|  |TS  0|AC  0|TAMS 0x00000007007ffff8, 0x00000007007ffff8|
|   8|0x0000000700800000, 0x0000000700900000, 0x0000000700900000|100%| O|  |TS  0|AC  0|TAMS 0x0000000700900000, 0x0000000700900000|
|   9|0x0000000700900000, 0x00000007009f6410, 0x0000000700a00000| 96%| O|  |TS  0|AC  0|TAMS 0x00000007009f6410, 0x00000007009f6410|
|  10|0x0000000700a00000, 0x0000000700ae1f18, 0x0000000700b00000| 88%| O|  |TS  0|AC  0|TAMS 0x0000000700ae1f18, 0x0000000700ae1f18|
|  11|0x0000000700b00000, 0x0000000700bffff0, 0x0000000700c00000| 99%| O|  |TS  0|AC  0|TAMS 0x0000000700bffff0, 0x0000000700bffff0|
|  12|0x0000000700c00000, 0x0000000700d00000, 0x0000000700d00000|100%| O|  |TS  0|AC  0|TAMS 0x0000000700d00000, 0x0000000700d00000|
|  13|0x0000000700d00000, 0x0000000700dfed60, 0x0000000700e00000| 99%| O|  |TS  0|AC  0|TAMS 0x0000000700dfed60, 0x0000000700dfed60|
|  14|0x0000000700e00000, 0x0000000700effff8, 0x0000000700f00000| 99%| O|  |TS  0|AC  0|TAMS 0x0000000700effff8, 0x0000000700effff8|
|  15|0x0000000700f00000, 0x0000000701000000, 0x0000000701000000|100%| O|  |TS  0|AC  0|TAMS 0x0000000701000000, 0x0000000701000000|
|  16|0x0000000701000000, 0x00000007010ffff8, 0x0000000701100000| 99%| O|  |TS  0|AC  0|TAMS 0x00000007010ffff8, 0x00000007010ffff8|
|  17|0x0000000701100000, 0x00000007011ffff8, 0x0000000701200000| 99%| O|  |TS  0|AC  0|TAMS 0x00000007011ffff8, 0x00000007011ffff8|
|  18|0x0000000701200000, 0x00000007012ffae0, 0x0000000701300000| 99%| O|  |TS  0|AC  0|TAMS 0x00000007012ffae0, 0x00000007012ffae0|
|  19|0x0000000701300000, 0x00000007013fffe8, 0x0000000701400000| 99%| O|  |TS  0|AC  0|TAMS 0x00000007013fffe8, 0x00000007013fffe8|
|  20|0x0000000701400000, 0x00000007014ffff0, 0x0000000701500000| 99%| O|  |TS  0|AC  0|TAMS 0x00000007014ffff0, 0x00000007014ffff0|
|  21|0x0000000701500000, 0x0000000701600000, 0x0000000701600000|100%|HS|  |TS  0|AC  0|TAMS 0x0000000701600000, 0x0000000701600000|
|  22|0x0000000701600000, 0x00000007016fffd0, 0x0000000701700000| 99%| O|  |TS  0|AC  0|TAMS 0x00000007016fffd0, 0x00000007016fffd0|
|  23|0x0000000701700000, 0x0000000701800000, 0x0000000701800000|100%| O|  |TS  0|AC  0|TAMS 0x0000000701800000, 0x0000000701800000|
|  24|0x0000000701800000, 0x00000007018ffe00, 0x0000000701900000| 99%| O|  |TS  0|AC  0|TAMS 0x00000007018ffe00, 0x00000007018ffe00|
|  25|0x0000000701900000, 0x0000000701a00000, 0x0000000701a00000|100%| O|  |TS  0|AC  0|TAMS 0x0000000701a00000, 0x0000000701a00000|
|  26|0x0000000701a00000, 0x0000000701afffe8, 0x0000000701b00000| 99%| O|  |TS  0|AC  0|TAMS 0x0000000701afffe8, 0x0000000701afffe8|
|  27|0x0000000701b00000, 0x0000000701bfffd0, 0x0000000701c00000| 99%| O|  |TS  0|AC  0|TAMS 0x0000000701bfffd0, 0x0000000701bfffd0|
|  28|0x0000000701c00000, 0x0000000701cfffe8, 0x0000000701d00000| 99%| O|  |TS  0|AC  0|TAMS 0x0000000701cfffe8, 0x0000000701cfffe8|
|  29|0x0000000701d00000, 0x0000000701dffdf0, 0x0000000701e00000| 99%| O|  |TS  0|AC  0|TAMS 0x0000000701dffdf0, 0x0000000701dffdf0|
|  30|0x0000000701e00000, 0x0000000701ecf260, 0x0000000701f00000| 80%| O|  |TS  0|AC  0|TAMS 0x0000000701ecf260, 0x0000000701ecf260|
|  31|0x0000000701f00000, 0x0000000701ffffa8, 0x0000000702000000| 99%| O|  |TS  0|AC  0|TAMS 0x0000000701ffffa8, 0x0000000701ffffa8|
|  32|0x0000000702000000, 0x00000007020ffff0, 0x0000000702100000| 99%| O|  |TS  0|AC  0|TAMS 0x00000007020ffff0, 0x00000007020ffff0|
|  33|0x0000000702100000, 0x0000000702200000, 0x0000000702200000|100%| O|  |TS  0|AC  0|TAMS 0x0000000702200000, 0x0000000702200000|
|  34|0x0000000702200000, 0x00000007022fe760, 0x0000000702300000| 99%| O|  |TS  0|AC  0|TAMS 0x00000007022fe760, 0x00000007022fe760|
|  35|0x0000000702300000, 0x00000007023fff58, 0x0000000702400000| 99%| O|  |TS  0|AC  0|TAMS 0x00000007023fff58, 0x00000007023fff58|
|  36|0x0000000702400000, 0x00000007024fffa8, 0x0000000702500000| 99%| O|  |TS  0|AC  0|TAMS 0x00000007024fffa8, 0x00000007024fffa8|
|  37|0x0000000702500000, 0x00000007025e01b8, 0x0000000702600000| 87%| O|  |TS  0|AC  0|TAMS 0x00000007025e01b8, 0x00000007025e01b8|
|  38|0x0000000702600000, 0x00000007026fffe0, 0x0000000702700000| 99%| O|  |TS  0|AC  0|TAMS 0x00000007026fffe0, 0x00000007026fffe0|
|  39|0x0000000702700000, 0x00000007027fffc8, 0x0000000702800000| 99%| O|  |TS  0|AC  0|TAMS 0x00000007027fffc8, 0x00000007027fffc8|
|  40|0x0000000702800000, 0x00000007028ffff0, 0x0000000702900000| 99%| O|  |TS  0|AC  0|TAMS 0x00000007028ffff0, 0x00000007028ffff0|
|  41|0x0000000702900000, 0x00000007029fff88, 0x0000000702a00000| 99%| O|  |TS  0|AC  0|TAMS 0x00000007029fff88, 0x00000007029fff88|
|  42|0x0000000702a00000, 0x0000000702b00000, 0x0000000702b00000|100%| O|  |TS  0|AC  0|TAMS 0x0000000702b00000, 0x0000000702b00000|
|  43|0x0000000702b00000, 0x0000000702c00000, 0x0000000702c00000|100%| O|  |TS  0|AC  0|TAMS 0x0000000702c00000, 0x0000000702c00000|
|  44|0x0000000702c00000, 0x0000000702cffb50, 0x0000000702d00000| 99%| O|  |TS  0|AC  0|TAMS 0x0000000702cffb50, 0x0000000702cffb50|
|  45|0x0000000702d00000, 0x0000000702dffff0, 0x0000000702e00000| 99%| O|  |TS  0|AC  0|TAMS 0x0000000702dffff0, 0x0000000702dffff0|
|  46|0x0000000702e00000, 0x0000000702f00000, 0x0000000702f00000|100%|HS|  |TS  0|AC  0|TAMS 0x0000000702f00000, 0x0000000702f00000|
|  47|0x0000000702f00000, 0x0000000703000000, 0x0000000703000000|100%|HC|  |TS  0|AC  0|TAMS 0x0000000703000000, 0x0000000703000000|
|  48|0x0000000703000000, 0x0000000703100000, 0x0000000703100000|100%|HC|  |TS  0|AC  0|TAMS 0x0000000703100000, 0x0000000703100000|
|  49|0x0000000703100000, 0x0000000703200000, 0x0000000703200000|100%|HC|  |TS  0|AC  0|TAMS 0x0000000703200000, 0x0000000703200000|
|  50|0x0000000703200000, 0x0000000703300000, 0x0000000703300000|100%|HC|  |TS  0|AC  0|TAMS 0x0000000703300000, 0x0000000703300000|
|  51|0x0000000703300000, 0x0000000703400000, 0x0000000703400000|100%|HC|  |TS  0|AC  0|TAMS 0x0000000703400000, 0x0000000703400000|
|  52|0x0000000703400000, 0x0000000703500000, 0x0000000703500000|100%|HC|  |TS  0|AC  0|TAMS 0x0000000703500000, 0x0000000703500000|
|  53|0x0000000703500000, 0x0000000703600000, 0x0000000703600000|100%|HC|  |TS  0|AC  0|TAMS 0x0000000703600000, 0x0000000703600000|
|  54|0x0000000703600000, 0x0000000703700000, 0x0000000703700000|100%| O|  |TS  0|AC  0|TAMS 0x0000000703700000, 0x0000000703700000|
|  55|0x0000000703700000, 0x00000007037ffff0, 0x0000000703800000| 99%| O|  |TS  0|AC  0|TAMS 0x00000007037ffff0, 0x00000007037ffff0|
|  56|0x0000000703800000, 0x00000007038ffff8, 0x0000000703900000| 99%| O|  |TS  0|AC  0|TAMS 0x00000007038ffff8, 0x00000007038ffff8|
|  57|0x0000000703900000, 0x00000007039ffee0, 0x0000000703a00000| 99%| O|  |TS  0|AC  0|TAMS 0x00000007039ffee0, 0x00000007039ffee0|
|  58|0x0000000703a00000, 0x0000000703afffe0, 0x0000000703b00000| 99%| O|  |TS  0|AC  0|TAMS 0x0000000703afffe0, 0x0000000703afffe0|
|  59|0x0000000703b00000, 0x0000000703bfff88, 0x0000000703c00000| 99%| O|  |TS  0|AC  0|TAMS 0x0000000703bfff88, 0x0000000703bfff88|
|  60|0x0000000703c00000, 0x0000000703cffff8, 0x0000000703d00000| 99%| O|  |TS  0|AC  0|TAMS 0x0000000703cffff8, 0x0000000703cffff8|
|  61|0x0000000703d00000, 0x0000000703dffff0, 0x0000000703e00000| 99%| O|  |TS  0|AC  0|TAMS 0x0000000703dffff0, 0x0000000703dffff0|
|  62|0x0000000703e00000, 0x0000000703effff0, 0x0000000703f00000| 99%| O|  |TS  0|AC  0|TAMS 0x0000000703effff0, 0x0000000703effff0|
|  63|0x0000000703f00000, 0x0000000703fffff8, 0x0000000704000000| 99%| O|  |TS  0|AC  0|TAMS 0x0000000703fffff8, 0x0000000703fffff8|
|  64|0x0000000704000000, 0x0000000704100000, 0x0000000704100000|100%| O|  |TS  0|AC  0|TAMS 0x0000000704100000, 0x0000000704100000|
|  65|0x0000000704100000, 0x0000000704200000, 0x0000000704200000|100%| O|  |TS  0|AC  0|TAMS 0x0000000704200000, 0x0000000704200000|
|  66|0x0000000704200000, 0x00000007042fffe8, 0x0000000704300000| 99%| O|  |TS  0|AC  0|TAMS 0x00000007042fffe8, 0x00000007042fffe8|
|  67|0x0000000704300000, 0x0000000704400000, 0x0000000704400000|100%|HS|  |TS  0|AC  0|TAMS 0x0000000704400000, 0x0000000704400000|
|  68|0x0000000704400000, 0x00000007044ffe90, 0x0000000704500000| 99%| O|  |TS  0|AC  0|TAMS 0x00000007044ffe90, 0x00000007044ffe90|
|  69|0x0000000704500000, 0x00000007045fffc0, 0x0000000704600000| 99%| O|  |TS  0|AC  0|TAMS 0x00000007045fffc0, 0x00000007045fffc0|
|  70|0x0000000704600000, 0x00000007046ffff8, 0x0000000704700000| 99%| O|  |TS  0|AC  0|TAMS 0x00000007046ffff8, 0x00000007046ffff8|
|  71|0x0000000704700000, 0x00000007047ff6a8, 0x0000000704800000| 99%| O|  |TS  0|AC  0|TAMS 0x00000007047ff6a8, 0x00000007047ff6a8|
|  72|0x0000000704800000, 0x00000007048f6b38, 0x0000000704900000| 96%| O|  |TS  0|AC  0|TAMS 0x00000007048f6b38, 0x00000007048f6b38|
|  73|0x0000000704900000, 0x00000007049ffed8, 0x0000000704a00000| 99%| O|  |TS  0|AC  0|TAMS 0x00000007049ffed8, 0x00000007049ffed8|
|  74|0x0000000704a00000, 0x0000000704afffd8, 0x0000000704b00000| 99%| O|  |TS  0|AC  0|TAMS 0x0000000704afffd8, 0x0000000704afffd8|
|  75|0x0000000704b00000, 0x0000000704c00000, 0x0000000704c00000|100%|HS|  |TS  0|AC  0|TAMS 0x0000000704c00000, 0x0000000704c00000|
|  76|0x0000000704c00000, 0x0000000704d00000, 0x0000000704d00000|100%|HC|  |TS  0|AC  0|TAMS 0x0000000704d00000, 0x0000000704d00000|
|  77|0x0000000704d00000, 0x0000000704e00000, 0x0000000704e00000|100%|HC|  |TS  0|AC  0|TAMS 0x0000000704e00000, 0x0000000704e00000|
|  78|0x0000000704e00000, 0x0000000704f00000, 0x0000000704f00000|100%|HC|  |TS  0|AC  0|TAMS 0x0000000704f00000, 0x0000000704f00000|
|  79|0x0000000704f00000, 0x0000000705000000, 0x0000000705000000|100%| O|  |TS  0|AC  0|TAMS 0x0000000705000000, 0x0000000705000000|
|  80|0x0000000705000000, 0x00000007050ffff8, 0x0000000705100000| 99%| O|  |TS  0|AC  0|TAMS 0x00000007050ffff8, 0x00000007050ffff8|
|  81|0x0000000705100000, 0x0000000705200000, 0x0000000705200000|100%|HS|  |TS  0|AC  0|TAMS 0x0000000705200000, 0x0000000705200000|
|  82|0x0000000705200000, 0x00000007052ffff8, 0x0000000705300000| 99%| O|  |TS  0|AC  0|TAMS 0x00000007052ffff8, 0x00000007052ffff8|
|  83|0x0000000705300000, 0x00000007053ffff0, 0x0000000705400000| 99%| O|  |TS  0|AC  0|TAMS 0x00000007053ffff0, 0x00000007053ffff0|
|  84|0x0000000705400000, 0x0000000705500000, 0x0000000705500000|100%|HS|  |TS  0|AC  0|TAMS 0x0000000705500000, 0x0000000705500000|
|  85|0x0000000705500000, 0x0000000705600000, 0x0000000705600000|100%|HC|  |TS  0|AC  0|TAMS 0x0000000705600000, 0x0000000705600000|
|  86|0x0000000705600000, 0x00000007056ffff0, 0x0000000705700000| 99%| O|  |TS  0|AC  0|TAMS 0x00000007056ffff0, 0x00000007056ffff0|
|  87|0x0000000705700000, 0x00000007057ffff0, 0x0000000705800000| 99%| O|  |TS  0|AC  0|TAMS 0x00000007057ffff0, 0x00000007057ffff0|
|  88|0x0000000705800000, 0x00000007058fffe8, 0x0000000705900000| 99%| O|  |TS  0|AC  0|TAMS 0x00000007058fffe8, 0x00000007058fffe8|
|  89|0x0000000705900000, 0x0000000705a00000, 0x0000000705a00000|100%| O|  |TS  0|AC  0|TAMS 0x0000000705a00000, 0x0000000705a00000|
|  90|0x0000000705a00000, 0x0000000705affb78, 0x0000000705b00000| 99%| O|  |TS  0|AC  0|TAMS 0x0000000705affb78, 0x0000000705affb78|
|  91|0x0000000705b00000, 0x0000000705bffff8, 0x0000000705c00000| 99%| O|  |TS  0|AC  0|TAMS 0x0000000705bffff8, 0x0000000705bffff8|
|  92|0x0000000705c00000, 0x0000000705cffff8, 0x0000000705d00000| 99%| O|  |TS  0|AC  0|TAMS 0x0000000705cffff8, 0x0000000705cffff8|
|  93|0x0000000705d00000, 0x0000000705dffff8, 0x0000000705e00000| 99%| O|  |TS  0|AC  0|TAMS 0x0000000705dffff8, 0x0000000705dffff8|
|  94|0x0000000705e00000, 0x0000000705efffc8, 0x0000000705f00000| 99%| O|  |TS  0|AC  0|TAMS 0x0000000705efffc8, 0x0000000705efffc8|
|  95|0x0000000705f00000, 0x0000000705ffffe8, 0x0000000706000000| 99%| O|  |TS  0|AC  0|TAMS 0x0000000705ffffe8, 0x0000000705ffffe8|
|  96|0x0000000706000000, 0x00000007060ffff8, 0x0000000706100000| 99%| O|  |TS  0|AC  0|TAMS 0x00000007060ffff8, 0x00000007060ffff8|
|  97|0x0000000706100000, 0x00000007061ffff8, 0x0000000706200000| 99%| O|  |TS  0|AC  0|TAMS 0x00000007061ffff8, 0x00000007061ffff8|
|  98|0x0000000706200000, 0x00000007062ffff0, 0x0000000706300000| 99%| O|  |TS  0|AC  0|TAMS 0x00000007062ffff0, 0x00000007062ffff0|
|  99|0x0000000706300000, 0x0000000706400000, 0x0000000706400000|100%| O|  |TS  0|AC  0|TAMS 0x0000000706400000, 0x0000000706400000|
| 100|0x0000000706400000, 0x0000000706500000, 0x0000000706500000|100%| O|  |TS  0|AC  0|TAMS 0x0000000706500000, 0x0000000706500000|
| 101|0x0000000706500000, 0x00000007065ffff0, 0x0000000706600000| 99%| O|  |TS  0|AC  0|TAMS 0x00000007065ffff0, 0x00000007065ffff0|
| 102|0x0000000706600000, 0x00000007066ffff8, 0x0000000706700000| 99%| O|  |TS  0|AC  0|TAMS 0x00000007066ffff8, 0x00000007066ffff8|
| 103|0x0000000706700000, 0x0000000706800000, 0x0000000706800000|100%| O|  |TS  0|AC  0|TAMS 0x0000000706800000, 0x0000000706800000|
| 104|0x0000000706800000, 0x00000007068fffe0, 0x0000000706900000| 99%| O|  |TS  0|AC  0|TAMS 0x00000007068fffe0, 0x00000007068fffe0|
| 105|0x0000000706900000, 0x00000007069fffe8, 0x0000000706a00000| 99%| O|  |TS  0|AC  0|TAMS 0x00000007069fffe8, 0x00000007069fffe8|
| 106|0x0000000706a00000, 0x0000000706b00000, 0x0000000706b00000|100%| O|  |TS  0|AC  0|TAMS 0x0000000706b00000, 0x0000000706b00000|
| 107|0x0000000706b00000, 0x0000000706c00000, 0x0000000706c00000|100%| O|  |TS  0|AC  0|TAMS 0x0000000706c00000, 0x0000000706c00000|
| 108|0x0000000706c00000, 0x0000000706d00000, 0x0000000706d00000|100%| O|  |TS  0|AC  0|TAMS 0x0000000706d00000, 0x0000000706d00000|
| 109|0x0000000706d00000, 0x0000000706e00000, 0x0000000706e00000|100%|HS|  |TS  0|AC  0|TAMS 0x0000000706e00000, 0x0000000706e00000|
| 110|0x0000000706e00000, 0x0000000706f00000, 0x0000000706f00000|100%|HC|  |TS  0|AC  0|TAMS 0x0000000706f00000, 0x0000000706f00000|
| 111|0x0000000706f00000, 0x0000000707000000, 0x0000000707000000|100%|HC|  |TS  0|AC  0|TAMS 0x0000000707000000, 0x0000000707000000|
| 112|0x0000000707000000, 0x0000000707100000, 0x0000000707100000|100%|HC|  |TS  0|AC  0|TAMS 0x0000000707100000, 0x0000000707100000|
| 113|0x0000000707100000, 0x0000000707200000, 0x0000000707200000|100%|HC|  |TS  0|AC  0|TAMS 0x0000000707200000, 0x0000000707200000|
| 114|0x0000000707200000, 0x0000000707300000, 0x0000000707300000|100%|HC|  |TS  0|AC  0|TAMS 0x0000000707300000, 0x0000000707300000|
| 115|0x0000000707300000, 0x0000000707400000, 0x0000000707400000|100%|HC|  |TS  0|AC  0|TAMS 0x0000000707400000, 0x0000000707400000|
| 116|0x0000000707400000, 0x0000000707500000, 0x0000000707500000|100%|HC|  |TS  0|AC  0|TAMS 0x0000000707500000, 0x0000000707500000|
| 117|0x0000000707500000, 0x00000007075fff28, 0x0000000707600000| 99%| O|  |TS  0|AC  0|TAMS 0x00000007075fff28, 0x00000007075fff28|
| 118|0x0000000707600000, 0x0000000707700000, 0x0000000707700000|100%| O|  |TS  0|AC  0|TAMS 0x0000000707700000, 0x0000000707700000|
| 119|0x0000000707700000, 0x00000007077ffff0, 0x0000000707800000| 99%| O|  |TS  0|AC  0|TAMS 0x00000007077ffff0, 0x00000007077ffff0|
| 120|0x0000000707800000, 0x0000000707900000, 0x0000000707900000|100%| O|  |TS  0|AC  0|TAMS 0x0000000707900000, 0x0000000707900000|
| 121|0x0000000707900000, 0x00000007079ffea0, 0x0000000707a00000| 99%| O|  |TS  0|AC  0|TAMS 0x00000007079ffea0, 0x00000007079ffea0|
| 122|0x0000000707a00000, 0x0000000707affe70, 0x0000000707b00000| 99%| O|  |TS  0|AC  0|TAMS 0x0000000707affe70, 0x0000000707affe70|
| 123|0x0000000707b00000, 0x0000000707bfffd0, 0x0000000707c00000| 99%| O|  |TS  0|AC  0|TAMS 0x0000000707bfffd0, 0x0000000707bfffd0|
| 124|0x0000000707c00000, 0x0000000707d00000, 0x0000000707d00000|100%| O|  |TS  0|AC  0|TAMS 0x0000000707d00000, 0x0000000707d00000|
| 125|0x0000000707d00000, 0x0000000707e00000, 0x0000000707e00000|100%| O|  |TS  0|AC  0|TAMS 0x0000000707e00000, 0x0000000707e00000|
| 126|0x0000000707e00000, 0x0000000707efffe0, 0x0000000707f00000| 99%| O|  |TS  0|AC  0|TAMS 0x0000000707efffe0, 0x0000000707efffe0|
| 127|0x0000000707f00000, 0x0000000707fffff8, 0x0000000708000000| 99%| O|  |TS  0|AC  0|TAMS 0x0000000707fffff8, 0x0000000707fffff8|
| 128|0x0000000708000000, 0x00000007080ffb00, 0x0000000708100000| 99%| O|  |TS  0|AC  0|TAMS 0x00000007080ffb00, 0x00000007080ffb00|
| 129|0x0000000708100000, 0x0000000708200000, 0x0000000708200000|100%|HS|  |TS  0|AC  0|TAMS 0x0000000708200000, 0x0000000708200000|
| 130|0x0000000708200000, 0x0000000708300000, 0x0000000708300000|100%|HC|  |TS  0|AC  0|TAMS 0x0000000708300000, 0x0000000708300000|
| 131|0x0000000708300000, 0x0000000708400000, 0x0000000708400000|100%|HC|  |TS  0|AC  0|TAMS 0x0000000708400000, 0x0000000708400000|
| 132|0x0000000708400000, 0x0000000708500000, 0x0000000708500000|100%|HC|  |TS  0|AC  0|TAMS 0x0000000708500000, 0x0000000708500000|
| 133|0x0000000708500000, 0x0000000708600000, 0x0000000708600000|100%| O|  |TS  0|AC  0|TAMS 0x0000000708600000, 0x0000000708600000|
| 134|0x0000000708600000, 0x0000000708700000, 0x0000000708700000|100%| O|  |TS  0|AC  0|TAMS 0x0000000708700000, 0x0000000708700000|
| 135|0x0000000708700000, 0x00000007087fe770, 0x0000000708800000| 99%| O|  |TS  0|AC  0|TAMS 0x00000007087fe770, 0x00000007087fe770|
| 136|0x0000000708800000, 0x00000007088ffe68, 0x0000000708900000| 99%| O|  |TS  0|AC  0|TAMS 0x00000007088ffe68, 0x00000007088ffe68|
| 137|0x0000000708900000, 0x00000007089ffe78, 0x0000000708a00000| 99%| O|  |TS  0|AC  0|TAMS 0x00000007089ffe78, 0x00000007089ffe78|
| 138|0x0000000708a00000, 0x0000000708afffe8, 0x0000000708b00000| 99%| O|  |TS  0|AC  0|TAMS 0x0000000708afffe8, 0x0000000708afffe8|
| 139|0x0000000708b00000, 0x0000000708c00000, 0x0000000708c00000|100%| O|  |TS  0|AC  0|TAMS 0x0000000708c00000, 0x0000000708c00000|
| 140|0x0000000708c00000, 0x0000000708d00000, 0x0000000708d00000|100%| O|  |TS  0|AC  0|TAMS 0x0000000708d00000, 0x0000000708d00000|
| 141|0x0000000708d00000, 0x0000000708dffd98, 0x0000000708e00000| 99%| O|  |TS  0|AC  0|TAMS 0x0000000708dffd98, 0x0000000708dffd98|
| 142|0x0000000708e00000, 0x0000000708f00000, 0x0000000708f00000|100%| O|  |TS  0|AC  0|TAMS 0x0000000708f00000, 0x0000000708f00000|
| 143|0x0000000708f00000, 0x0000000708fffff8, 0x0000000709000000| 99%| O|  |TS  0|AC  0|TAMS 0x0000000708fffff8, 0x0000000708fffff8|
| 144|0x0000000709000000, 0x0000000709100000, 0x0000000709100000|100%| O|  |TS  0|AC  0|TAMS 0x0000000709100000, 0x0000000709100000|
| 145|0x0000000709100000, 0x0000000709200000, 0x0000000709200000|100%| O|  |TS  0|AC  0|TAMS 0x0000000709200000, 0x0000000709200000|
| 146|0x0000000709200000, 0x00000007092ffff8, 0x0000000709300000| 99%| O|  |TS  0|AC  0|TAMS 0x00000007092ffff8, 0x00000007092ffff8|
| 147|0x0000000709300000, 0x00000007093fff20, 0x0000000709400000| 99%| O|  |TS  0|AC  0|TAMS 0x00000007093fff20, 0x00000007093fff20|
| 148|0x0000000709400000, 0x000000070945f4c0, 0x0000000709500000| 37%| O|  |TS  0|AC  0|TAMS 0x000000070945f4c0, 0x000000070945f4c0|
| 149|0x0000000709500000, 0x0000000709500000, 0x0000000709600000|  0%| F|  |TS  0|AC  0|TAMS 0x0000000709500000, 0x0000000709500000|
| 150|0x0000000709600000, 0x0000000709600000, 0x0000000709700000|  0%| F|  |TS  0|AC  0|TAMS 0x0000000709600000, 0x0000000709600000|
| 151|0x0000000709700000, 0x0000000709700000, 0x0000000709800000|  0%| F|  |TS  0|AC  0|TAMS 0x0000000709700000, 0x0000000709700000|
| 152|0x0000000709800000, 0x0000000709800000, 0x0000000709900000|  0%| F|  |TS  0|AC  0|TAMS 0x0000000709800000, 0x0000000709800000|
| 153|0x0000000709900000, 0x0000000709900000, 0x0000000709a00000|  0%| F|  |TS  0|AC  0|TAMS 0x0000000709900000, 0x0000000709900000|
| 154|0x0000000709a00000, 0x0000000709a00000, 0x0000000709b00000|  0%| F|  |TS  0|AC  0|TAMS 0x0000000709a00000, 0x0000000709a00000|
| 155|0x0000000709b00000, 0x0000000709b00000, 0x0000000709c00000|  0%| F|  |TS  0|AC  0|TAMS 0x0000000709b00000, 0x0000000709b00000|
| 156|0x0000000709c00000, 0x0000000709c00000, 0x0000000709d00000|  0%| F|  |TS  0|AC  0|TAMS 0x0000000709c00000, 0x0000000709c00000|
| 157|0x0000000709d00000, 0x0000000709d00000, 0x0000000709e00000|  0%| F|  |TS  0|AC  0|TAMS 0x0000000709d00000, 0x0000000709d00000|
| 158|0x0000000709e00000, 0x0000000709e00000, 0x0000000709f00000|  0%| F|  |TS  0|AC  0|TAMS 0x0000000709e00000, 0x0000000709e00000|
| 159|0x0000000709f00000, 0x0000000709f00000, 0x000000070a000000|  0%| F|  |TS  0|AC  0|TAMS 0x0000000709f00000, 0x0000000709f00000|
| 160|0x000000070a000000, 0x000000070a000000, 0x000000070a100000|  0%| F|  |TS  0|AC  0|TAMS 0x000000070a000000, 0x000000070a000000|
| 161|0x000000070a100000, 0x000000070a100000, 0x000000070a200000|  0%| F|  |TS  0|AC  0|TAMS 0x000000070a100000, 0x000000070a100000|
| 162|0x000000070a200000, 0x000000070a200000, 0x000000070a300000|  0%| F|  |TS  0|AC  0|TAMS 0x000000070a200000, 0x000000070a200000|
| 163|0x000000070a300000, 0x000000070a300000, 0x000000070a400000|  0%| F|  |TS  0|AC  0|TAMS 0x000000070a300000, 0x000000070a300000|
| 164|0x000000070a400000, 0x000000070a400000, 0x000000070a500000|  0%| F|  |TS  0|AC  0|TAMS 0x000000070a400000, 0x000000070a400000|
| 165|0x000000070a500000, 0x000000070a500000, 0x000000070a600000|  0%| F|  |TS  0|AC  0|TAMS 0x000000070a500000, 0x000000070a500000|
| 166|0x000000070a600000, 0x000000070a600000, 0x000000070a700000|  0%| F|  |TS  0|AC  0|TAMS 0x000000070a600000, 0x000000070a600000|
| 167|0x000000070a700000, 0x000000070a700000, 0x000000070a800000|  0%| F|  |TS  0|AC  0|TAMS 0x000000070a700000, 0x000000070a700000|
| 168|0x000000070a800000, 0x000000070a800000, 0x000000070a900000|  0%| F|  |TS  0|AC  0|TAMS 0x000000070a800000, 0x000000070a800000|
| 169|0x000000070a900000, 0x000000070a900000, 0x000000070aa00000|  0%| F|  |TS  0|AC  0|TAMS 0x000000070a900000, 0x000000070a900000|
| 170|0x000000070aa00000, 0x000000070aa00000, 0x000000070ab00000|  0%| F|  |TS  0|AC  0|TAMS 0x000000070aa00000, 0x000000070aa00000|
| 171|0x000000070ab00000, 0x000000070ab00000, 0x000000070ac00000|  0%| F|  |TS  0|AC  0|TAMS 0x000000070ab00000, 0x000000070ab00000|
| 172|0x000000070ac00000, 0x000000070ac00000, 0x000000070ad00000|  0%| F|  |TS  0|AC  0|TAMS 0x000000070ac00000, 0x000000070ac00000|
| 173|0x000000070ad00000, 0x000000070ad00000, 0x000000070ae00000|  0%| F|  |TS  0|AC  0|TAMS 0x000000070ad00000, 0x000000070ad00000|
| 174|0x000000070ae00000, 0x000000070ae00000, 0x000000070af00000|  0%| F|  |TS  0|AC  0|TAMS 0x000000070ae00000, 0x000000070ae00000|
| 175|0x000000070af00000, 0x000000070af00000, 0x000000070b000000|  0%| F|  |TS  0|AC  0|TAMS 0x000000070af00000, 0x000000070af00000|
| 176|0x000000070b000000, 0x000000070b000000, 0x000000070b100000|  0%| F|  |TS  0|AC  0|TAMS 0x000000070b000000, 0x000000070b000000|
| 177|0x000000070b100000, 0x000000070b100000, 0x000000070b200000|  0%| F|  |TS  0|AC  0|TAMS 0x000000070b100000, 0x000000070b100000|
| 178|0x000000070b200000, 0x000000070b200000, 0x000000070b300000|  0%| F|  |TS  0|AC  0|TAMS 0x000000070b200000, 0x000000070b200000|
| 179|0x000000070b300000, 0x000000070b300000, 0x000000070b400000|  0%| F|  |TS  0|AC  0|TAMS 0x000000070b300000, 0x000000070b300000|
| 180|0x000000070b400000, 0x000000070b400000, 0x000000070b500000|  0%| F|  |TS  0|AC  0|TAMS 0x000000070b400000, 0x000000070b400000|
| 181|0x000000070b500000, 0x000000070b500000, 0x000000070b600000|  0%| F|  |TS  0|AC  0|TAMS 0x000000070b500000, 0x000000070b500000|
| 182|0x000000070b600000, 0x000000070b600000, 0x000000070b700000|  0%| F|  |TS  0|AC  0|TAMS 0x000000070b600000, 0x000000070b600000|
| 183|0x000000070b700000, 0x000000070b700000, 0x000000070b800000|  0%| F|  |TS  0|AC  0|TAMS 0x000000070b700000, 0x000000070b700000|
| 184|0x000000070b800000, 0x000000070b800000, 0x000000070b900000|  0%| F|  |TS  0|AC  0|TAMS 0x000000070b800000, 0x000000070b800000|
| 185|0x000000070b900000, 0x000000070b900000, 0x000000070ba00000|  0%| F|  |TS  0|AC  0|TAMS 0x000000070b900000, 0x000000070b900000|
| 186|0x000000070ba00000, 0x000000070ba00000, 0x000000070bb00000|  0%| F|  |TS  0|AC  0|TAMS 0x000000070ba00000, 0x000000070ba00000|
| 187|0x000000070bb00000, 0x000000070bb00000, 0x000000070bc00000|  0%| F|  |TS  0|AC  0|TAMS 0x000000070bb00000, 0x000000070bb00000|
| 188|0x000000070bc00000, 0x000000070bc00000, 0x000000070bd00000|  0%| F|  |TS  0|AC  0|TAMS 0x000000070bc00000, 0x000000070bc00000|
| 189|0x000000070bd00000, 0x000000070bd00000, 0x000000070be00000|  0%| F|  |TS  0|AC  0|TAMS 0x000000070bd00000, 0x000000070bd00000|
| 190|0x000000070be00000, 0x000000070be00000, 0x000000070bf00000|  0%| F|  |TS  0|AC  0|TAMS 0x000000070be00000, 0x000000070be00000|
| 191|0x000000070bf00000, 0x000000070bf00000, 0x000000070c000000|  0%| F|  |TS  0|AC  0|TAMS 0x000000070bf00000, 0x000000070bf00000|
| 192|0x000000070c000000, 0x000000070c000000, 0x000000070c100000|  0%| F|  |TS  0|AC  0|TAMS 0x000000070c000000, 0x000000070c000000|
| 193|0x000000070c100000, 0x000000070c100000, 0x000000070c200000|  0%| F|  |TS  0|AC  0|TAMS 0x000000070c100000, 0x000000070c100000|
| 194|0x000000070c200000, 0x000000070c200000, 0x000000070c300000|  0%| F|  |TS  0|AC  0|TAMS 0x000000070c200000, 0x000000070c200000|
| 195|0x000000070c300000, 0x000000070c300000, 0x000000070c400000|  0%| F|  |TS  0|AC  0|TAMS 0x000000070c300000, 0x000000070c300000|
| 196|0x000000070c400000, 0x000000070c400000, 0x000000070c500000|  0%| F|  |TS  0|AC  0|TAMS 0x000000070c400000, 0x000000070c400000|
| 197|0x000000070c500000, 0x000000070c500000, 0x000000070c600000|  0%| F|  |TS  0|AC  0|TAMS 0x000000070c500000, 0x000000070c500000|
| 198|0x000000070c600000, 0x000000070c6b7f90, 0x000000070c700000| 71%| S|CS|TS  0|AC  0|TAMS 0x000000070c600000, 0x000000070c600000|
| 199|0x000000070c700000, 0x000000070c800000, 0x000000070c800000|100%| S|CS|TS  0|AC  0|TAMS 0x000000070c700000, 0x000000070c700000|
| 200|0x000000070c800000, 0x000000070c800000, 0x000000070c900000|  0%| F|  |TS  0|AC  0|TAMS 0x000000070c800000, 0x000000070c800000|
| 201|0x000000070c900000, 0x000000070c900000, 0x000000070ca00000|  0%| F|  |TS  0|AC  0|TAMS 0x000000070c900000, 0x000000070c900000|
| 202|0x000000070ca00000, 0x000000070ca00000, 0x000000070cb00000|  0%| F|  |TS  0|AC  0|TAMS 0x000000070ca00000, 0x000000070ca00000|
| 203|0x000000070cb00000, 0x000000070cb00000, 0x000000070cc00000|  0%| F|  |TS  0|AC  0|TAMS 0x000000070cb00000, 0x000000070cb00000|
| 204|0x000000070cc00000, 0x000000070cc00000, 0x000000070cd00000|  0%| F|  |TS  0|AC  0|TAMS 0x000000070cc00000, 0x000000070cc00000|
| 205|0x000000070cd00000, 0x000000070cd00000, 0x000000070ce00000|  0%| F|  |TS  0|AC  0|TAMS 0x000000070cd00000, 0x000000070cd00000|
| 206|0x000000070ce00000, 0x000000070ce00000, 0x000000070cf00000|  0%| F|  |TS  0|AC  0|TAMS 0x000000070ce00000, 0x000000070ce00000|
| 207|0x000000070cf00000, 0x000000070cf00000, 0x000000070d000000|  0%| F|  |TS  0|AC  0|TAMS 0x000000070cf00000, 0x000000070cf00000|
| 208|0x000000070d000000, 0x000000070d000000, 0x000000070d100000|  0%| F|  |TS  0|AC  0|TAMS 0x000000070d000000, 0x000000070d000000|
| 209|0x000000070d100000, 0x000000070d100000, 0x000000070d200000|  0%| F|  |TS  0|AC  0|TAMS 0x000000070d100000, 0x000000070d100000|
| 210|0x000000070d200000, 0x000000070d200000, 0x000000070d300000|  0%| F|  |TS  0|AC  0|TAMS 0x000000070d200000, 0x000000070d200000|
| 211|0x000000070d300000, 0x000000070d300000, 0x000000070d400000|  0%| F|  |TS  0|AC  0|TAMS 0x000000070d300000, 0x000000070d300000|
| 212|0x000000070d400000, 0x000000070d400000, 0x000000070d500000|  0%| F|  |TS  0|AC  0|TAMS 0x000000070d400000, 0x000000070d400000|
| 213|0x000000070d500000, 0x000000070d500000, 0x000000070d600000|  0%| F|  |TS  0|AC  0|TAMS 0x000000070d500000, 0x000000070d500000|
| 214|0x000000070d600000, 0x000000070d600000, 0x000000070d700000|  0%| F|  |TS  0|AC  0|TAMS 0x000000070d600000, 0x000000070d600000|
| 215|0x000000070d700000, 0x000000070d700000, 0x000000070d800000|  0%| F|  |TS  0|AC  0|TAMS 0x000000070d700000, 0x000000070d700000|
| 216|0x000000070d800000, 0x000000070d800000, 0x000000070d900000|  0%| F|  |TS  0|AC  0|TAMS 0x000000070d800000, 0x000000070d800000|
| 217|0x000000070d900000, 0x000000070d900000, 0x000000070da00000|  0%| F|  |TS  0|AC  0|TAMS 0x000000070d900000, 0x000000070d900000|
| 218|0x000000070da00000, 0x000000070da00000, 0x000000070db00000|  0%| F|  |TS  0|AC  0|TAMS 0x000000070da00000, 0x000000070da00000|
| 219|0x000000070db00000, 0x000000070db00000, 0x000000070dc00000|  0%| F|  |TS  0|AC  0|TAMS 0x000000070db00000, 0x000000070db00000|
| 220|0x000000070dc00000, 0x000000070dc00000, 0x000000070dd00000|  0%| F|  |TS  0|AC  0|TAMS 0x000000070dc00000, 0x000000070dc00000|
| 221|0x000000070dd00000, 0x000000070dd0f418, 0x000000070de00000|  5%| E|  |TS  0|AC  0|TAMS 0x000000070dd00000, 0x000000070dd00000|
| 222|0x000000070de00000, 0x000000070df00000, 0x000000070df00000|100%| E|CS|TS  0|AC  0|TAMS 0x000000070de00000, 0x000000070de00000|
| 223|0x000000070df00000, 0x000000070e000000, 0x000000070e000000|100%| E|CS|TS  0|AC  0|TAMS 0x000000070df00000, 0x000000070df00000|
| 224|0x000000070e000000, 0x000000070e100000, 0x000000070e100000|100%| E|CS|TS  0|AC  0|TAMS 0x000000070e000000, 0x000000070e000000|
| 225|0x000000070e100000, 0x000000070e200000, 0x000000070e200000|100%| E|CS|TS  0|AC  0|TAMS 0x000000070e100000, 0x000000070e100000|
| 226|0x000000070e200000, 0x000000070e300000, 0x000000070e300000|100%| E|CS|TS  0|AC  0|TAMS 0x000000070e200000, 0x000000070e200000|
| 227|0x000000070e300000, 0x000000070e400000, 0x000000070e400000|100%| E|CS|TS  0|AC  0|TAMS 0x000000070e300000, 0x000000070e300000|
| 228|0x000000070e400000, 0x000000070e500000, 0x000000070e500000|100%| E|CS|TS  0|AC  0|TAMS 0x000000070e400000, 0x000000070e400000|
| 229|0x000000070e500000, 0x000000070e600000, 0x000000070e600000|100%| E|CS|TS  0|AC  0|TAMS 0x000000070e500000, 0x000000070e500000|
| 230|0x000000070e600000, 0x000000070e700000, 0x000000070e700000|100%| E|CS|TS  0|AC  0|TAMS 0x000000070e600000, 0x000000070e600000|
| 231|0x000000070e700000, 0x000000070e800000, 0x000000070e800000|100%| E|CS|TS  0|AC  0|TAMS 0x000000070e700000, 0x000000070e700000|
| 232|0x000000070e800000, 0x000000070e900000, 0x000000070e900000|100%| E|CS|TS  0|AC  0|TAMS 0x000000070e800000, 0x000000070e800000|
| 233|0x000000070e900000, 0x000000070ea00000, 0x000000070ea00000|100%| E|CS|TS  0|AC  0|TAMS 0x000000070e900000, 0x000000070e900000|
| 234|0x000000070ea00000, 0x000000070eb00000, 0x000000070eb00000|100%| E|CS|TS  0|AC  0|TAMS 0x000000070ea00000, 0x000000070ea00000|
| 235|0x000000070eb00000, 0x000000070ec00000, 0x000000070ec00000|100%| E|CS|TS  0|AC  0|TAMS 0x000000070eb00000, 0x000000070eb00000|
| 236|0x000000070ec00000, 0x000000070ed00000, 0x000000070ed00000|100%| E|CS|TS  0|AC  0|TAMS 0x000000070ec00000, 0x000000070ec00000|
| 237|0x000000070ed00000, 0x000000070ee00000, 0x000000070ee00000|100%| E|CS|TS  0|AC  0|TAMS 0x000000070ed00000, 0x000000070ed00000|
| 238|0x000000070ee00000, 0x000000070ef00000, 0x000000070ef00000|100%| E|CS|TS  0|AC  0|TAMS 0x000000070ee00000, 0x000000070ee00000|
| 239|0x000000070ef00000, 0x000000070f000000, 0x000000070f000000|100%| E|CS|TS  0|AC  0|TAMS 0x000000070ef00000, 0x000000070ef00000|
| 240|0x000000070f000000, 0x000000070f100000, 0x000000070f100000|100%| E|CS|TS  0|AC  0|TAMS 0x000000070f000000, 0x000000070f000000|
| 241|0x000000070f100000, 0x000000070f200000, 0x000000070f200000|100%| E|CS|TS  0|AC  0|TAMS 0x000000070f100000, 0x000000070f100000|
| 242|0x000000070f200000, 0x000000070f300000, 0x000000070f300000|100%| E|CS|TS  0|AC  0|TAMS 0x000000070f200000, 0x000000070f200000|
| 243|0x000000070f300000, 0x000000070f400000, 0x000000070f400000|100%| E|CS|TS  0|AC  0|TAMS 0x000000070f300000, 0x000000070f300000|
| 244|0x000000070f400000, 0x000000070f500000, 0x000000070f500000|100%| E|CS|TS  0|AC  0|TAMS 0x000000070f400000, 0x000000070f400000|
| 245|0x000000070f500000, 0x000000070f600000, 0x000000070f600000|100%| E|CS|TS  0|AC  0|TAMS 0x000000070f500000, 0x000000070f500000|
| 246|0x000000070f600000, 0x000000070f700000, 0x000000070f700000|100%| E|CS|TS  0|AC  0|TAMS 0x000000070f600000, 0x000000070f600000|
| 247|0x000000070f700000, 0x000000070f800000, 0x000000070f800000|100%| E|CS|TS  0|AC  0|TAMS 0x000000070f700000, 0x000000070f700000|
| 248|0x000000070f800000, 0x000000070f900000, 0x000000070f900000|100%| E|CS|TS  0|AC  0|TAMS 0x000000070f800000, 0x000000070f800000|
| 249|0x000000070f900000, 0x000000070fa00000, 0x000000070fa00000|100%| E|CS|TS  0|AC  0|TAMS 0x000000070f900000, 0x000000070f900000|
| 250|0x000000070fa00000, 0x000000070fb00000, 0x000000070fb00000|100%| E|CS|TS  0|AC  0|TAMS 0x000000070fa00000, 0x000000070fa00000|
| 251|0x000000070fb00000, 0x000000070fc00000, 0x000000070fc00000|100%| E|CS|TS  0|AC  0|TAMS 0x000000070fb00000, 0x000000070fb00000|
| 252|0x000000070fc00000, 0x000000070fd00000, 0x000000070fd00000|100%| E|CS|TS  0|AC  0|TAMS 0x000000070fc00000, 0x000000070fc00000|
| 253|0x000000070fd00000, 0x000000070fe00000, 0x000000070fe00000|100%| E|CS|TS  0|AC  0|TAMS 0x000000070fd00000, 0x000000070fd00000|
| 254|0x000000070fe00000, 0x000000070ff00000, 0x000000070ff00000|100%| E|CS|TS  0|AC  0|TAMS 0x000000070fe00000, 0x000000070fe00000|
| 255|0x000000070ff00000, 0x0000000710000000, 0x0000000710000000|100%| E|CS|TS  0|AC  0|TAMS 0x000000070ff00000, 0x000000070ff00000|
| 256|0x0000000710000000, 0x0000000710100000, 0x0000000710100000|100%| E|CS|TS  0|AC  0|TAMS 0x0000000710000000, 0x0000000710000000|
| 257|0x0000000710100000, 0x0000000710200000, 0x0000000710200000|100%| E|CS|TS  0|AC  0|TAMS 0x0000000710100000, 0x0000000710100000|
| 258|0x0000000710200000, 0x0000000710300000, 0x0000000710300000|100%| E|CS|TS  0|AC  0|TAMS 0x0000000710200000, 0x0000000710200000|
| 259|0x0000000710300000, 0x0000000710400000, 0x0000000710400000|100%| E|CS|TS  0|AC  0|TAMS 0x0000000710300000, 0x0000000710300000|

Card table byte_map: [0x0000012a04090000,0x0000012a04690000] byte_map_base: 0x0000012a00890000

Marking Bits (Prev, Next): (CMBitMap*) 0x0000012a7daf1590, (CMBitMap*) 0x0000012a7daf15c8
 Prev Bits: [0x0000012a1cb20000, 0x0000012a1fb20000)
 Next Bits: [0x0000012a1fb20000, 0x0000012a22b20000)

Polling page: 0x0000012a01020000

CodeHeap 'non-profiled nmethods': size=120000Kb used=30115Kb max_used=30115Kb free=89885Kb
 bounds [0x0000012a155f0000, 0x0000012a17360000, 0x0000012a1cb20000]
CodeHeap 'profiled nmethods': size=120000Kb used=54899Kb max_used=54899Kb free=65100Kb
 bounds [0x0000012a0e0c0000, 0x0000012a116c0000, 0x0000012a155f0000]
CodeHeap 'non-nmethods': size=5760Kb used=1902Kb max_used=1967Kb free=3857Kb
 bounds [0x0000012a0db20000, 0x0000012a0dd90000, 0x0000012a0e0c0000]
 total_blobs=42228 nmethods=21534 adapters=1289
 compilation: enabled

Compilation events (10 events):
Event: 13987.085 Thread 0x0000012a00361000 28477       3       ui.views.bD::a (3043 bytes)
Event: 13987.085 Thread 0x0000012a00360000 28478       4       com.jidesoft.grid.FilterableTableModel::prepareFilters (421 bytes)
Event: 13987.103 Thread 0x0000012a00361000 nmethod 28477 0x0000012a11678790 code [0x0000012a1167ac40, 0x0000012a11699620]
Event: 13987.105 Thread 0x0000012a00360000 nmethod 28478 0x0000012a1735a690 code [0x0000012a1735a920, 0x0000012a1735bea0]
Event: 13987.124 Thread 0x0000012a00361000 28479       3       com.jidesoft.plaf.basic.BasicStyledLabelUI::paintRow (2270 bytes)
Event: 13987.132 Thread 0x0000012a06eb2800 28481       4       ui.utils.p.a.g::isError (15 bytes)
Event: 13987.132 Thread 0x0000012a06eb2800 nmethod 28481 0x0000012a1735c910 code [0x0000012a1735cb00, 0x0000012a1735cc58]
Event: 13987.139 Thread 0x0000012a00361000 nmethod 28479 0x0000012a1169f790 code [0x0000012a116a0860, 0x0000012a116b0210]
Event: 13987.139 Thread 0x0000012a00361000 28480       3       java.util.TimeZone::getDisplayName (129 bytes)
Event: 13987.140 Thread 0x0000012a00361000 nmethod 28480 0x0000012a116b5a10 code [0x0000012a116b5d80, 0x0000012a116b76d0]

GC Heap History (10 events):
Event: 13986.372 GC heap before
{Heap before GC invocations=640 (full 11):
 garbage-first heap   total 266240K, used 211917K [0x0000000700000000, 0x0000000700100820, 0x00000007c0000000)
  region size 1024K, 60 young (61440K), 2 survivors (2048K)
 Metaspace       used 102552K, capacity 106795K, committed 108668K, reserved 1142784K
  class space    used 14535K, capacity 15296K, committed 15740K, reserved 1048576K
}
Event: 13986.375 GC heap after
{Heap after GC invocations=641 (full 11):
 garbage-first heap   total 266240K, used 153024K [0x0000000700000000, 0x0000000700100820, 0x00000007c0000000)
  region size 1024K, 2 young (2048K), 2 survivors (2048K)
 Metaspace       used 102552K, capacity 106795K, committed 108668K, reserved 1142784K
  class space    used 14535K, capacity 15296K, committed 15740K, reserved 1048576K
}
Event: 13986.453 GC heap before
{Heap before GC invocations=641 (full 11):
 garbage-first heap   total 266240K, used 212416K [0x0000000700000000, 0x0000000700100820, 0x00000007c0000000)
  region size 1024K, 60 young (61440K), 2 survivors (2048K)
 Metaspace       used 102559K, capacity 106795K, committed 108668K, reserved 1142784K
  class space    used 14535K, capacity 15296K, committed 15740K, reserved 1048576K
}
Event: 13986.457 GC heap after
{Heap after GC invocations=642 (full 11):
 garbage-first heap   total 266240K, used 153142K [0x0000000700000000, 0x0000000700100820, 0x00000007c0000000)
  region size 1024K, 2 young (2048K), 2 survivors (2048K)
 Metaspace       used 102559K, capacity 106795K, committed 108668K, reserved 1142784K
  class space    used 14535K, capacity 15296K, committed 15740K, reserved 1048576K
}
Event: 13986.566 GC heap before
{Heap before GC invocations=642 (full 11):
 garbage-first heap   total 266240K, used 212534K [0x0000000700000000, 0x0000000700100820, 0x00000007c0000000)
  region size 1024K, 60 young (61440K), 2 survivors (2048K)
 Metaspace       used 102559K, capacity 106795K, committed 108668K, reserved 1142784K
  class space    used 14535K, capacity 15296K, committed 15740K, reserved 1048576K
}
Event: 13986.569 GC heap after
{Heap after GC invocations=643 (full 11):
 garbage-first heap   total 266240K, used 153108K [0x0000000700000000, 0x0000000700100820, 0x00000007c0000000)
  region size 1024K, 2 young (2048K), 2 survivors (2048K)
 Metaspace       used 102559K, capacity 106795K, committed 108668K, reserved 1142784K
  class space    used 14535K, capacity 15296K, committed 15740K, reserved 1048576K
}
Event: 13986.699 GC heap before
{Heap before GC invocations=644 (full 11):
 garbage-first heap   total 266240K, used 212500K [0x0000000700000000, 0x0000000700100820, 0x00000007c0000000)
  region size 1024K, 60 young (61440K), 2 survivors (2048K)
 Metaspace       used 102569K, capacity 106799K, committed 108668K, reserved 1142784K
  class space    used 14535K, capacity 15296K, committed 15740K, reserved 1048576K
}
Event: 13986.703 GC heap after
{Heap after GC invocations=645 (full 11):
 garbage-first heap   total 266240K, used 153195K [0x0000000700000000, 0x0000000700100820, 0x00000007c0000000)
  region size 1024K, 2 young (2048K), 2 survivors (2048K)
 Metaspace       used 102569K, capacity 106799K, committed 108668K, reserved 1142784K
  class space    used 14535K, capacity 15296K, committed 15740K, reserved 1048576K
}
Event: 13986.862 GC heap before
{Heap before GC invocations=645 (full 11):
 garbage-first heap   total 266240K, used 212587K [0x0000000700000000, 0x0000000700100820, 0x00000007c0000000)
  region size 1024K, 60 young (61440K), 2 survivors (2048K)
 Metaspace       used 102574K, capacity 106799K, committed 108668K, reserved 1142784K
  class space    used 14535K, capacity 15296K, committed 15740K, reserved 1048576K
}
Event: 13986.867 GC heap after
{Heap after GC invocations=646 (full 11):
 garbage-first heap   total 266240K, used 153101K [0x0000000700000000, 0x0000000700100820, 0x00000007c0000000)
  region size 1024K, 2 young (2048K), 2 survivors (2048K)
 Metaspace       used 102574K, capacity 106799K, committed 108668K, reserved 1142784K
  class space    used 14535K, capacity 15296K, committed 15740K, reserved 1048576K
}

Deoptimization events (10 events):
Event: 13753.204 Thread 0x0000012a25bcb000 Uncommon trap: reason=class_check action=maybe_recompile pc=0x0000012a17154198 method=javax.swing.JViewport.setViewPosition(Ljava/awt/Point;)V @ 321 c2
Event: 13844.272 Thread 0x0000012a25bcb000 Uncommon trap: reason=class_check action=maybe_recompile pc=0x0000012a1694fe0c method=javax.swing.plaf.basic.BasicLookAndFeel$AWTEventHelper.eventDispatched(Ljava/awt/AWTEvent;)V @ 59 c2
Event: 13844.284 Thread 0x0000012a25bcb000 Uncommon trap: reason=unstable_if action=reinterpret pc=0x0000012a1649f298 method=com.jidesoft.swing.JideMenu.isTopLevelMenu()Z @ 14 c2
Event: 13844.284 Thread 0x0000012a25bcb000 Uncommon trap: reason=class_check action=maybe_recompile pc=0x0000012a16fe2788 method=de.javasoft.plaf.synthetica.SyntheticaLookAndFeel.isToplevelPopupMenu(Ljavax/swing/JPopupMenu;)Z @ 48 c2
Event: 13844.286 Thread 0x0000012a25bcb000 Uncommon trap: reason=class_check action=maybe_recompile pc=0x0000012a16fe2788 method=de.javasoft.plaf.synthetica.SyntheticaLookAndFeel.isToplevelPopupMenu(Ljavax/swing/JPopupMenu;)Z @ 48 c2
Event: 13844.286 Thread 0x0000012a25bcb000 Uncommon trap: reason=class_check action=maybe_recompile pc=0x0000012a16fe2788 method=de.javasoft.plaf.synthetica.SyntheticaLookAndFeel.isToplevelPopupMenu(Ljavax/swing/JPopupMenu;)Z @ 48 c2
Event: 13844.338 Thread 0x0000012a25bcb000 Uncommon trap: reason=unstable_if action=reinterpret pc=0x0000012a16e35330 method=com.jidesoft.swing.JideMenu.isTopLevelMenu()Z @ 14 c2
Event: 13867.039 Thread 0x0000012a25bcb000 Uncommon trap: reason=bimorphic_or_optimized_type_check action=maybe_recompile pc=0x0000012a173037ec method=ui.data.u.a(Lui/data/aa;Lui/frmwork/b/a;)V @ 85 c2
Event: 13867.039 Thread 0x0000012a25bcb000 Uncommon trap: reason=unstable_if action=reinterpret pc=0x0000012a16058830 method=com.jidesoft.grid.FilterableTableModel.tableDataChanged()V @ 27 c2
Event: 13917.795 Thread 0x0000012a25bcb000 Uncommon trap: reason=unstable_if action=reinterpret pc=0x0000012a17216c6c method=com.jidesoft.editor.SyntaxDocument.isWordChar(C)Z @ 61 c2

Classes redefined (0 events):
No events

Internal exceptions (10 events):
Event: 13577.848 Thread 0x0000012a25bcb000 Exception <a 'java/lang/NoSuchMethodError'{0x000000070f41e0f8}: java.lang.invoke.DirectMethodHandle$Holder.invokeSpecial(Ljava/lang/Object;Ljava/lang/Object;Ljava/lang/Object;IILjava/lang/Object;Ljava/lang/Object;)Ljava/lang/Object;> (0x000000070f41e0f8) 
Event: 13578.420 Thread 0x0000012a25bcb000 Exception <a 'java/lang/NoSuchMethodError'{0x000000070d38ccb0}: java.lang.invoke.DelegatingMethodHandle$Holder.reinvoke_L(Ljava/lang/Object;IIILjava/lang/Object;II)Ljava/lang/Object;> (0x000000070d38ccb0) thrown at [t:/workspace/hotspot/src/share/vm/inter
Event: 13581.760 Thread 0x0000012a25bcb000 Implicit null exception at 0x0000012a16d5dac8 to 0x0000012a16d6053d
Event: 13588.168 Thread 0x0000012a25bcb000 Exception <a 'de/concept/nlview/NlviewException'{0x000000070d1a8fb8}> (0x000000070d1a8fb8) thrown at [t:/workspace/hotspot/src/share/vm/prims/jni.cpp, line 604]
Event: 13588.182 Thread 0x0000012a25bcb000 Exception <a 'de/concept/nlview/NlviewException'{0x000000070d0c46b8}> (0x000000070d0c46b8) thrown at [t:/workspace/hotspot/src/share/vm/prims/jni.cpp, line 604]
Event: 13588.197 Thread 0x0000012a25bcb000 Exception <a 'de/concept/nlview/NlviewException'{0x000000070cfcd368}> (0x000000070cfcd368) thrown at [t:/workspace/hotspot/src/share/vm/prims/jni.cpp, line 604]
Event: 13599.226 Thread 0x0000012a25bcb000 Exception <a 'java/lang/NoSuchMethodError'{0x000000070cabab28}: java.lang.invoke.DelegatingMethodHandle$Holder.reinvoke_L(Ljava/lang/Object;IILjava/lang/Object;Ljava/lang/Object;Ljava/lang/Object;Ljava/lang/Object;)Ljava/lang/Object;> (0x000000070cabab28)
Event: 13599.986 Thread 0x0000012a25bcb000 Exception <a 'java/lang/NoSuchMethodError'{0x00000007101e21c0}: java.lang.invoke.DirectMethodHandle$Holder.invokeSpecial(Ljava/lang/Object;Ljava/lang/Object;IILjava/lang/Object;Ljava/lang/Object;Ljava/lang/Object;ILjava/lang/Object;)Ljava/lang/Object;> (0
Event: 13599.986 Thread 0x0000012a25bcb000 Exception <a 'java/lang/NoSuchMethodError'{0x00000007101e5b58}: java.lang.invoke.DelegatingMethodHandle$Holder.reinvoke_L(Ljava/lang/Object;IILjava/lang/Object;Ljava/lang/Object;Ljava/lang/Object;ILjava/lang/Object;)Ljava/lang/Object;> (0x00000007101e5b58
Event: 13987.109 Thread 0x0000012a25bcb000 Exception <a 'java/io/FileNotFoundException'{0x000000070e1521d0}> (0x000000070e1521d0) thrown at [t:/workspace/hotspot/src/share/vm/prims/jni.cpp, line 604]

Events (10 events):
Event: 13986.847 Executing VM operation: RevokeBias
Event: 13986.847 Executing VM operation: RevokeBias done
Event: 13986.848 Executing VM operation: RevokeBias
Event: 13986.848 Executing VM operation: RevokeBias done
Event: 13986.861 Executing VM operation: G1IncCollectionPause
Event: 13986.867 Executing VM operation: G1IncCollectionPause done
Event: 13986.991 Executing VM operation: CGC_Operation
Event: 13987.013 Executing VM operation: CGC_Operation done
Event: 13987.037 Executing VM operation: CGC_Operation
Event: 13987.037 Executing VM operation: CGC_Operation done


Dynamic libraries:
0x00007ff67fba0000 - 0x00007ff67fbd0000 	C:\Xilinx\Vivado\2019.1\bin\unwrapped\win64.o\vivado.exe
0x00007fff3e380000 - 0x00007fff3e570000 	C:\WINDOWS\SYSTEM32\ntdll.dll
0x00007fff3c600000 - 0x00007fff3c6b2000 	C:\WINDOWS\System32\KERNEL32.DLL
0x00007fff3bb10000 - 0x00007fff3bdb3000 	C:\WINDOWS\System32\KERNELBASE.dll
0x00007fff3bdc0000 - 0x00007fff3beba000 	C:\WINDOWS\System32\ucrtbase.dll
0x00007fff269d0000 - 0x00007fff26a76000 	C:\WINDOWS\SYSTEM32\MSVCP140.dll
0x00007fff26a80000 - 0x00007fff26a96000 	C:\WINDOWS\SYSTEM32\VCRUNTIME140.dll
0x00007fff02fb0000 - 0x00007fff02fc4000 	C:\Xilinx\Vivado\2019.1\lib\win64.o\libboost_signals.dll
0x00007fff02ec0000 - 0x00007fff02ed4000 	C:\Xilinx\Vivado\2019.1\lib\win64.o\librdi_commonmain.dll
0x00007ffee1070000 - 0x00007ffee1f52000 	C:\Xilinx\Vivado\2019.1\lib\win64.o\librdi_common.dll
0x00007fff3dad0000 - 0x00007fff3dc64000 	C:\WINDOWS\System32\USER32.dll
0x00007fff3c0f0000 - 0x00007fff3c111000 	C:\WINDOWS\System32\win32u.dll
0x00007fff3dcd0000 - 0x00007fff3dcf6000 	C:\WINDOWS\System32\GDI32.dll
0x00007fff3c230000 - 0x00007fff3c3c4000 	C:\WINDOWS\System32\gdi32full.dll
0x00007fff3c140000 - 0x00007fff3c1de000 	C:\WINDOWS\System32\msvcp_win.dll
0x00007fff3d8e0000 - 0x00007fff3d983000 	C:\WINDOWS\System32\ADVAPI32.dll
0x00007fff3d790000 - 0x00007fff3d82e000 	C:\WINDOWS\System32\msvcrt.dll
0x00007fff3c6c0000 - 0x00007fff3c757000 	C:\WINDOWS\System32\sechost.dll
0x00007fff3e120000 - 0x00007fff3e240000 	C:\WINDOWS\System32\RPCRT4.dll
0x00007fff3ce70000 - 0x00007fff3d555000 	C:\WINDOWS\System32\SHELL32.dll
0x00007fff3c1e0000 - 0x00007fff3c22a000 	C:\WINDOWS\System32\cfgmgr32.dll
0x00007fff3d830000 - 0x00007fff3d8d9000 	C:\WINDOWS\System32\shcore.dll
0x00007fff3dd00000 - 0x00007fff3e036000 	C:\WINDOWS\System32\combase.dll
0x00007fff3b310000 - 0x00007fff3b390000 	C:\WINDOWS\System32\bcryptPrimitives.dll
0x00007fff3b390000 - 0x00007fff3bb0f000 	C:\WINDOWS\System32\windows.storage.dll
0x00007fff3b2f0000 - 0x00007fff3b30f000 	C:\WINDOWS\System32\profapi.dll
0x00007fff3b2a0000 - 0x00007fff3b2ea000 	C:\WINDOWS\System32\powrprof.dll
0x00007fff3b250000 - 0x00007fff3b260000 	C:\WINDOWS\System32\UMPDC.dll
0x00007fff3dc70000 - 0x00007fff3dcc2000 	C:\WINDOWS\System32\shlwapi.dll
0x00007fff02620000 - 0x00007fff02646000 	C:\Xilinx\Vivado\2019.1\lib\win64.o\libboost_filesystem.dll
0x00007fff3b280000 - 0x00007fff3b291000 	C:\WINDOWS\System32\kernel.appcore.dll
0x00007fff3c120000 - 0x00007fff3c137000 	C:\WINDOWS\System32\cryptsp.dll
0x00007fff27ed0000 - 0x00007fff27eda000 	C:\Xilinx\Vivado\2019.1\lib\win64.o\librdi_commonversion.dll
0x00007fff00b90000 - 0x00007fff00cb1000 	C:\Xilinx\Vivado\2019.1\lib\win64.o\librdi_commonxillic.dll
0x00007fff02600000 - 0x00007fff02614000 	C:\Xilinx\Vivado\2019.1\lib\win64.o\libboost_date_time.dll
0x00007fff02250000 - 0x00007fff022cf000 	C:\Xilinx\Vivado\2019.1\lib\win64.o\libboost_program_options.dll
0x000000006be90000 - 0x000000006bfbb000 	C:\Xilinx\Vivado\2019.1\lib\win64.o\tcl85t.dll
0x00007fff3d710000 - 0x00007fff3d77f000 	C:\WINDOWS\System32\WS2_32.dll
0x00007fff00a70000 - 0x00007fff00b84000 	C:\Xilinx\Vivado\2019.1\lib\win64.o\libboost_regex.dll
0x00007ffee0d00000 - 0x00007ffee106e000 	C:\Xilinx\Vivado\2019.1\lib\win64.o\libCOIN-all.dll
0x00007fff21b20000 - 0x00007fff21b2b000 	C:\Xilinx\Vivado\2019.1\lib\win64.o\libboost_system.dll
0x00007fff20de0000 - 0x00007fff20def000 	C:\Xilinx\Vivado\2019.1\lib\win64.o\libboost_xilinx.dll
0x00007fff02590000 - 0x00007fff025b1000 	C:\Xilinx\Vivado\2019.1\lib\win64.o\libboost_thread.dll
0x00007fff009e0000 - 0x00007fff00a62000 	C:\Xilinx\Vivado\2019.1\lib\win64.o\libhdlpsolve.dll
0x00007fff02560000 - 0x00007fff0258e000 	C:\Xilinx\Vivado\2019.1\lib\win64.o\libisl_sysinfo.dll
0x00007fff00930000 - 0x00007fff009d5000 	C:\Xilinx\Vivado\2019.1\lib\win64.o\libhdxml.dll
0x00007ffede830000 - 0x00007ffedf3df400 	C:\Xilinx\Vivado\2019.1\lib\win64.o\libisl_iostreams.dll
0x00007fff02220000 - 0x00007fff02241000 	C:\Xilinx\Vivado\2019.1\lib\win64.o\librdizlib.dll
0x00007fff02200000 - 0x00007fff0221a000 	C:\Xilinx\Vivado\2019.1\lib\win64.o\pthreadVC2.dll
0x00007ffeffec0000 - 0x00007ffefff25000 	C:\Xilinx\Vivado\2019.1\lib\win64.o\liblmx6.0.dll
0x00007fff28f50000 - 0x00007fff28f67000 	C:\WINDOWS\SYSTEM32\NETAPI32.dll
0x00007fff250e0000 - 0x00007fff255b6000 	C:\WINDOWS\SYSTEM32\WININET.dll
0x00007fff371f0000 - 0x00007fff372e0000 	C:\WINDOWS\SYSTEM32\WINHTTP.dll
0x00007fff21cf0000 - 0x00007fff21ec6000 	C:\WINDOWS\SYSTEM32\urlmon.dll
0x00007ffefd9f0000 - 0x00007ffefda0c000 	C:\Xilinx\Vivado\2019.1\lib\win64.o\librdiconfig.dll
0x00007fff23810000 - 0x00007fff23819000 	C:\WINDOWS\SYSTEM32\WSOCK32.dll
0x00007ffef7a80000 - 0x00007ffef7aa7000 	C:\WINDOWS\SYSTEM32\VCOMP140.DLL
0x00007ffedcdd0000 - 0x00007ffeddc61000 	C:\Xilinx\Vivado\2019.1\lib\win64.o\gurobi65.dll
0x00007fff20b90000 - 0x00007fff20b9d000 	C:\Xilinx\Vivado\2019.1\lib\win64.o\libboost_chrono.dll
0x00007ffefb5f0000 - 0x00007ffefb60b000 	C:\Xilinx\Vivado\2019.1\lib\win64.o\libboost_iostreams.dll
0x00007fff29090000 - 0x00007fff29336000 	C:\WINDOWS\SYSTEM32\iertutil.dll
0x00007fff3ac90000 - 0x00007fff3ac9c000 	C:\WINDOWS\SYSTEM32\CRYPTBASE.DLL
0x0000000012000000 - 0x0000000012270000 	C:\Xilinx\Vivado\2019.1\lib\win64.o\xerces-c_3_1.dll
0x00007fff3a8e0000 - 0x00007fff3a8ec000 	C:\WINDOWS\SYSTEM32\NETUTILS.DLL
0x00007ffede550000 - 0x00007ffede828000 	C:\Xilinx\Vivado\2019.1\lib\win64.o\libXil_lmgr11.dll
0x00007fff3c8c0000 - 0x00007fff3c990000 	C:\WINDOWS\System32\COMDLG32.dll
0x00007fff3c7f0000 - 0x00007fff3c8b4000 	C:\WINDOWS\System32\OLEAUT32.dll
0x00007fff3c4a0000 - 0x00007fff3c5f6000 	C:\WINDOWS\System32\ole32.dll
0x00007fff3c3d0000 - 0x00007fff3c42c000 	C:\WINDOWS\System32\WINTRUST.dll
0x00007fff261b0000 - 0x00007fff26259000 	C:\WINDOWS\WinSxS\amd64_microsoft.windows.common-controls_6595b64144ccf1df_5.82.18362.418_none_2a23d356466d526c\COMCTL32.dll
0x00007fff3b260000 - 0x00007fff3b272000 	C:\WINDOWS\System32\MSASN1.dll
0x00007fff3bfa0000 - 0x00007fff3c0e9000 	C:\WINDOWS\System32\CRYPT32.dll
0x00007ffef7a50000 - 0x00007ffef7a75000 	C:\Xilinx\Vivado\2019.1\lib\win64.o\libisl_iosutils.dll
0x00007fff35fe0000 - 0x00007fff35ffc000 	C:\WINDOWS\SYSTEM32\dhcpcsvc.DLL
0x00007fff3e110000 - 0x00007fff3e118000 	C:\WINDOWS\System32\NSI.dll
0x00007fff3c760000 - 0x00007fff3c78e000 	C:\WINDOWS\System32\IMM32.DLL
0x00007ffede030000 - 0x00007ffede547000 	C:\Xilinx\Vivado\2019.1\lib\win64.o\librdi_commontasks.dll
0x00007fff35a10000 - 0x00007fff35a1a000 	C:\WINDOWS\SYSTEM32\VERSION.dll
0x000000006b460000 - 0x000000006be85000 	C:\Xilinx\Vivado\2019.1\tps\win64\jre9.0.4\bin\server\jvm.dll
0x00007fff3ce00000 - 0x00007fff3ce08000 	C:\WINDOWS\System32\PSAPI.DLL
0x00007fff2ead0000 - 0x00007fff2eaf4000 	C:\WINDOWS\SYSTEM32\WINMM.dll
0x00007fff2eaa0000 - 0x00007fff2eacd000 	C:\WINDOWS\SYSTEM32\winmmbase.dll
0x00007ffeddf40000 - 0x00007ffede02f000 	C:\WINDOWS\SYSTEM32\MSVCR120.dll
0x00007ffedcb40000 - 0x00007ffedcdc6000 	C:\Xilinx\Vivado\2019.1\lib\win64.o\librdi_sio.dll
0x00007fff3a7d0000 - 0x00007fff3a80a000 	C:\WINDOWS\SYSTEM32\IPHLPAPI.DLL
0x00007fff3aac0000 - 0x00007fff3ab27000 	C:\WINDOWS\SYSTEM32\MSWSOCK.DLL
0x00007ffed8e60000 - 0x00007ffedb31c000 	C:\Xilinx\Vivado\2019.1\lib\win64.o\librdi_tcltasks.dll
0x00007ffedde50000 - 0x00007ffeddf3b000 	C:\Xilinx\Vivado\2019.1\lib\win64.o\librdi_chipscope.dll
0x00007ffedc470000 - 0x00007ffedc878000 	C:\Xilinx\Vivado\2019.1\lib\win64.o\librdi_bitstream.dll
0x00007ffef79d0000 - 0x00007ffef7a48000 	C:\Xilinx\Vivado\2019.1\lib\win64.o\librdi_boarddep.dll
0x00007ffedc9a0000 - 0x00007ffedcb31000 	C:\Xilinx\Vivado\2019.1\lib\win64.o\librdi_board.dll
0x00007ffed7470000 - 0x00007ffed8e5a000 	C:\Xilinx\Vivado\2019.1\lib\win64.o\librdi_constraints.dll
0x00007ffedc120000 - 0x00007ffedc2dd000 	C:\Xilinx\Vivado\2019.1\lib\win64.o\librdi_chipscopeimpl.dll
0x00007ffedbfc0000 - 0x00007ffedc116000 	C:\Xilinx\Vivado\2019.1\lib\win64.o\librdi_containers.dll
0x00007ffed55b0000 - 0x00007ffed7461000 	C:\Xilinx\Vivado\2019.1\lib\win64.o\librdi_coregen.dll
0x00007ffed4ed0000 - 0x00007ffed55aa000 	C:\Xilinx\Vivado\2019.1\lib\win64.o\librdi_coregenipxact.dll
0x00007ffedbca0000 - 0x00007ffedbfbe000 	C:\Xilinx\Vivado\2019.1\lib\win64.o\librdi_dlyest.dll
0x00007ffed0e80000 - 0x00007ffed4ec3000 	C:\Xilinx\Vivado\2019.1\lib\win64.o\librdi_designutils.dll
0x00007ffebea50000 - 0x00007ffed0e7c000 	C:\Xilinx\Vivado\2019.1\lib\win64.o\librdi_device.dll
0x00007ffebe4b0000 - 0x00007ffebea4a000 	C:\Xilinx\Vivado\2019.1\lib\win64.o\librdi_drc.dll
0x00007ffebde60000 - 0x00007ffebe4ad000 	C:\Xilinx\Vivado\2019.1\lib\win64.o\librdi_filemgmt.dll
0x00007ffeddd80000 - 0x00007ffedde44000 	C:\Xilinx\Vivado\2019.1\lib\win64.o\librdi_dsp.dll
0x00007ffebdb70000 - 0x00007ffebde53000 	C:\Xilinx\Vivado\2019.1\lib\win64.o\librdi_guitools.dll
0x00007ffee0c90000 - 0x00007ffee0cf5000 	C:\Xilinx\Vivado\2019.1\lib\win64.o\librdi_hdf.dll
0x00007ffedc920000 - 0x00007ffedc993000 	C:\Xilinx\Vivado\2019.1\lib\win64.o\librdi_memoryarray.dll
0x00007ffebc5b0000 - 0x00007ffebdb70000 	C:\Xilinx\Vivado\2019.1\lib\win64.o\librdi_implflow.dll
0x00007ffebbf90000 - 0x00007ffebc5a5000 	C:\Xilinx\Vivado\2019.1\lib\win64.o\librdi_memdata.dll
0x00007ffeb92a0000 - 0x00007ffebbf86000 	C:\Xilinx\Vivado\2019.1\lib\win64.o\librdi_mig.dll
0x00007ffedc420000 - 0x00007ffedc46b000 	C:\Xilinx\Vivado\2019.1\lib\win64.o\librdi_pfi.dll
0x00007ffeb8bf0000 - 0x00007ffeb9292000 	C:\Xilinx\Vivado\2019.1\lib\win64.o\librdi_netlist.dll
0x00007ffeb6570000 - 0x00007ffeb8be6000 	C:\Xilinx\Vivado\2019.1\lib\win64.o\librdi_place.dll
0x00007ffeb6260000 - 0x00007ffeb656f000 	C:\Xilinx\Vivado\2019.1\lib\win64.o\librdi_platform.dll
0x00007ffeb5b10000 - 0x00007ffeb625a000 	C:\Xilinx\Vivado\2019.1\lib\win64.o\librdi_power.dll
0x00007ffeb5590000 - 0x00007ffeb5b0f000 	C:\Xilinx\Vivado\2019.1\lib\win64.o\librdi_project.dll
0x00007ffeb4e80000 - 0x00007ffeb5586000 	C:\Xilinx\Vivado\2019.1\lib\win64.o\librdi_rsb.dll
0x00007ffeb4a80000 - 0x00007ffeb4e71000 	C:\Xilinx\Vivado\2019.1\lib\win64.o\librdi_runs.dll
0x00007ffeb4370000 - 0x00007ffeb4a79000 	C:\Xilinx\Vivado\2019.1\lib\win64.o\librdi_psta.dll
0x00007ffedc320000 - 0x00007ffedc41a000 	C:\Xilinx\Vivado\2019.1\lib\win64.o\librdi_runsbase.dll
0x00007ffeb4110000 - 0x00007ffeb4366000 	C:\Xilinx\Vivado\2019.1\lib\win64.o\librdi_simdata.dll
0x00007ffedbc50000 - 0x00007ffedbc9c000 	C:\Xilinx\Vivado\2019.1\lib\win64.o\libboost_serialization.dll
0x00007ffeb32f0000 - 0x00007ffeb4101000 	C:\Xilinx\Vivado\2019.1\lib\win64.o\librdi_timing.dll
0x00007ffedb950000 - 0x00007ffedb993000 	C:\Xilinx\Vivado\2019.1\lib\win64.o\librdi_noc_frameworks.dll
0x00007ffedbad0000 - 0x00007ffedbc42000 	C:\Xilinx\Vivado\2019.1\lib\win64.o\librdi_advchipscopeimpl.dll
0x00007ffeb3220000 - 0x00007ffeb32e2000 	C:\Xilinx\Vivado\2019.1\lib\win64.o\librdi_ipconfig_readwrite.dll
0x00007ffeb3080000 - 0x00007ffeb321f000 	C:\Xilinx\Vivado\2019.1\lib\win64.o\librdi_hip_devdesign.dll
0x00007ffeb2fe0000 - 0x00007ffeb307e000 	C:\Xilinx\Vivado\2019.1\lib\win64.o\libise.dll
0x00007ffeb2bf0000 - 0x00007ffeb2fd5000 	C:\Xilinx\Vivado\2019.1\lib\win64.o\librdi_hip_config.dll
0x00007ffeb20a0000 - 0x00007ffeb2be7000 	C:\Xilinx\Vivado\2019.1\lib\win64.o\libverific.dll

VM Arguments:
jvm_args: -Dsun.java2d.pmoffscreen=false -Dsun.java2d.xrender=false -Dsun.java2d.d3d=false -Dsun.awt.nopixfmt=true -Dsun.java2d.dpiaware=true -Dsun.java2d.uiScale.enabled=false -Xverify:none -Dswing.aatext=true -XX:-UsePerfData -Djdk.map.althashing.threshold=512 -XX:StringTableSize=4072 --add-opens=java.base/java.nio=ALL-UNNAMED --add-opens=java.desktop/sun.swing=ALL-UNNAMED --add-opens=java.desktop/javax.swing=ALL-UNNAMED --add-opens=java.desktop/javax.swing.tree=ALL-UNNAMED --add-opens=java.desktop/javax.swing.plaf.basic=ALL-UNNAMED --add-opens=java.desktop/javax.swing.plaf.synth=ALL-UNNAMED --add-opens=java.desktop/com.sun.awt=ALL-UNNAMED -XX:NewSize=60m -XX:MaxNewSize=60m -Xms128m -Xmx3072m -Xss5m 
java_command: <unknown>
java_class_path (initial): C:/Xilinx/Vivado/2019.1\lib\classes\alloy.jar;C:/Xilinx/Vivado/2019.1\lib\classes\autopilot.scelaborator.jar;C:/Xilinx/Vivado/2019.1\lib\classes\autopilot.sourceprocessor.jar;C:/Xilinx/Vivado/2019.1\lib\classes\autopilot.tbprocessor.jar;C:/Xilinx/Vivado/2019.1\lib\classes\batik-anim.jar;C:/Xilinx/Vivado/2019.1\lib\classes\batik-awt-util.jar;C:/Xilinx/Vivado/2019.1\lib\classes\batik-bridge.jar;C:/Xilinx/Vivado/2019.1\lib\classes\batik-codec.jar;C:/Xilinx/Vivado/2019.1\lib\classes\batik-css.jar;C:/Xilinx/Vivado/2019.1\lib\classes\batik-dom.jar;C:/Xilinx/Vivado/2019.1\lib\classes\batik-ext.jar;C:/Xilinx/Vivado/2019.1\lib\classes\batik-gui-util.jar;C:/Xilinx/Vivado/2019.1\lib\classes\batik-gvt.jar;C:/Xilinx/Vivado/2019.1\lib\classes\batik-parser.jar;C:/Xilinx/Vivado/2019.1\lib\classes\batik-script.jar;C:/Xilinx/Vivado/2019.1\lib\classes\batik-svg-dom.jar;C:/Xilinx/Vivado/2019.1\lib\classes\batik-swing.jar;C:/Xilinx/Vivado/2019.1\lib\classes\batik-transcoder.jar;C:/Xilinx/Vivado/2019.1\lib\classes\batik-util.jar;C:/Xilinx/Vivado/2019.1\lib\classes\batik-xml.jar;C:/Xilinx/Vivado/2019.1\lib\classes\com.google.gson_2.7.0.v20170129-0911.jar;C:/Xilinx/Vivado/2019.1\lib\classes\com.google.guava_21.0.0.v20170206-1425.jar;C:/Xilinx/Vivado/2019.1\lib\classes\com.google.inject_3.0.0.v201605172100.jar;C:/Xilinx/Vivado/2019.1\lib\classes\com.ibm.icu_4.4.2.v20110208.jar;C:/Xilinx/Vivado/2019.1\lib\classes\com.sigasi.hdt.annotations.runtime_4.3.0.201903071210.jar;C:/Xilinx/Vivado/2019.1\lib\classes\com.sigasi.hdt.blockdiagram.model_4.3.0.201903071210.jar;C:/Xilinx/Vivado/2019.1\lib\classes\com.sigasi.hdt.connection_4.3.0.201903071210.jar;C:/Xilinx/Vivado/2019.1\lib\classes\com.sigasi.hdt.dependencies.model_4.3.0.201903071210.jar;C:/Xilinx/Vivado/2019.1\lib\classes\com.sigasi.hdt.epl_4.3.0.201903071210.jar;C:/Xilinx/Vivado/2019.1\lib\classes\com.sigasi.hdt.graphics.model_4.3.0.201903071210.jar;C:/Xilinx/Vivado/2019.1\lib\classes\com.sigasi.hdt.project_4.3.0
Launcher Type: generic

Logging:
Log output configuration:
#0: stdout all=warning uptime,level,tags
#1: stderr all=off uptime,level,tags

Environment Variables:
PATH=C:/Xilinx/Vivado/2019.1/bin;C:/Xilinx/Vivado/2019.1/lib/win64.o;C:/Xilinx/Vivado/2019.1/tps/win64/jre9.0.4/bin/server;C:/Xilinx/Vivado/2019.1/tps/win64/jre9.0.4/bin;C:/Xilinx/SDK/2019.1/bin;C:/Xilinx/Vivado/2019.1/ids_lite/ISE/bin/nt64;C:/Xilinx/Vivado/2019.1/ids_lite/ISE/lib/nt64;C:\Program Files (x86)\Intel\Intel(R) Management Engine Components\iCLS\;C:\Program Files\Intel\Intel(R) Management Engine Components\iCLS\;C:\WINDOWS\system32;C:\WINDOWS;C:\WINDOWS\System32\Wbem;C:\WINDOWS\System32\WindowsPowerShell\v1.0\;C:\WINDOWS\System32\OpenSSH\;C:\Program Files (x86)\Intel\Intel(R) Management Engine Components\DAL;C:\Program Files\Intel\Intel(R) Management Engine Components\DAL;C:\Program Files\Intel\WiFi\bin\;C:\Program Files\Common Files\Intel\WirelessCommon\;C:\Program Files\MATLAB\R2019a\bin;C:\Program Files\PuTTY\;C:\Users\uldrensov\AppData\Local\Microsoft\WindowsApps;;C:/Xilinx/Vivado/2019.1\tps\mingw\6.2.0\win64.o\nt\bin;C:/Xilinx/Vivado/2019.1\tps\mingw\6.2.0\win64.o\nt\libexec\gcc\x86_64-w64-mingw32\6.2.0;C:/Xilinx/Vivado/2019.1\tps\win64\python-2.7.5;C:/Xilinx/Vivado/2019.1\tps\win64\python-2.7.5\lib;C:/Xilinx/Vivado/2019.1\tps\win64\python-2.7.5\Lib\lib-tk;C:/Xilinx/Vivado/2019.1\tps\win64\python-2.7.5\lib\site-packages
USERNAME=uldrensov
OS=Windows_NT
PROCESSOR_IDENTIFIER=Intel64 Family 6 Model 142 Stepping 11, GenuineIntel



---------------  S Y S T E M  ---------------

OS: Windows 10 , 64 bit Build 18362 (10.0.18362.329)

CPU:total 8 (initial active 8) (4 cores per cpu, 2 threads per core) family 6 model 142 stepping 11, cmov, cx8, fxsr, mmx, sse, sse2, sse3, ssse3, sse4.1, sse4.2, popcnt, avx, avx2, aes, clmul, erms, 3dnowpref, lzcnt, ht, tsc, tscinvbit, bmi1, bmi2, adx, fma

Memory: 4k page, physical 8173300k(1377068k free), swap 11450100k(3253700k free)

vm_info: Java HotSpot(TM) 64-Bit Server VM (9.0.4+11) for windows-amd64 JRE (9.0.4+11), built on Dec 20 2017 02:18:54 by "mach5one" with MS VC++ 12.0 (VS2013)

END.
