#-----------------------------------------------------------
# Vivado v2019.1 (64-bit)
# SW Build 2552052 on Fri May 24 14:49:42 MDT 2019
# IP Build 2548770 on Fri May 24 18:01:18 MDT 2019
# Start of session at: Wed Oct  9 14:08:20 2019
# Process ID: 3816
# Current directory: C:/Users/uldrensov/Desktop/COMPE470L_WEEK6
# Command line: vivado.exe -gui_launcher_event rodinguilauncherevent9256 C:\Users\uldrensov\Desktop\COMPE470L_WEEK6\COMPE470L_WEEK6.xpr
# Log file: C:/Users/uldrensov/Desktop/COMPE470L_WEEK6/vivado.log
# Journal file: C:/Users/uldrensov/Desktop/COMPE470L_WEEK6\vivado.jou
#-----------------------------------------------------------
start_gui
open_project C:/Users/uldrensov/Desktop/COMPE470L_WEEK6/COMPE470L_WEEK6.xpr
Scanning sources...
Finished scanning sources
INFO: [IP_Flow 19-234] Refreshing IP repositories
INFO: [IP_Flow 19-1704] No user IP repositories specified
INFO: [IP_Flow 19-2313] Loaded Vivado IP repository 'C:/Xilinx/Vivado/2019.1/data/ip'.
open_project: Time (s): cpu = 00:00:13 ; elapsed = 00:00:05 . Memory (MB): peak = 709.883 ; gain = 72.457
update_compile_order -fileset sources_1
exit
INFO: [Common 17-206] Exiting Vivado at Wed Oct  9 14:10:16 2019...
