#-----------------------------------------------------------
# Vivado v2019.1 (64-bit)
# SW Build 2552052 on Fri May 24 14:49:42 MDT 2019
# IP Build 2548770 on Fri May 24 18:01:18 MDT 2019
# Start of session at: Sun Oct 13 01:29:50 2019
# Process ID: 12004
# Current directory: C:/Users/uldrensov/Desktop/COMPE470L_WEEK6
# Command line: vivado.exe -gui_launcher_event rodinguilauncherevent5528 C:\Users\uldrensov\Desktop\COMPE470L_WEEK6\COMPE470L_WEEK6.xpr
# Log file: C:/Users/uldrensov/Desktop/COMPE470L_WEEK6/vivado.log
# Journal file: C:/Users/uldrensov/Desktop/COMPE470L_WEEK6\vivado.jou
#-----------------------------------------------------------
start_gui
open_project C:/Users/uldrensov/Desktop/COMPE470L_WEEK6/COMPE470L_WEEK6.xpr
Scanning sources...
Finished scanning sources
INFO: [IP_Flow 19-234] Refreshing IP repositories
INFO: [IP_Flow 19-1704] No user IP repositories specified
INFO: [IP_Flow 19-2313] Loaded Vivado IP repository 'C:/Xilinx/Vivado/2019.1/data/ip'.
open_project: Time (s): cpu = 00:00:13 ; elapsed = 00:00:06 . Memory (MB): peak = 742.426 ; gain = 121.453
update_compile_order -fileset sources_1
open_hw
connect_hw_server
INFO: [Labtools 27-2285] Connecting to hw_server url TCP:localhost:3121
INFO: [Labtools 27-2222] Launching hw_server...
INFO: [Labtools 27-2221] Launch Output:

****** Xilinx hw_server v2019.1
  **** Build date : May 24 2019 at 15:13:31
    ** Copyright 1986-2019 Xilinx, Inc. All Rights Reserved.


open_hw_target
INFO: [Labtoolstcl 44-466] Opening hw_target localhost:3121/xilinx_tcf/Xilinx/1234-oj1A
open_hw_target: Time (s): cpu = 00:00:04 ; elapsed = 00:00:06 . Memory (MB): peak = 1935.766 ; gain = 1003.863
set_property PROGRAM.FILE {C:/Users/uldrensov/Desktop/COMPE470L_WEEK6/COMPE470L_WEEK6.runs/impl_1/design_1_wrapper.bit} [get_hw_devices xc7z007s_1]
current_hw_device [get_hw_devices xc7z007s_1]
refresh_hw_device -update_hw_probes false [lindex [get_hw_devices xc7z007s_1] 0]
INFO: [Labtools 27-1435] Device xc7z007s (JTAG device index = 1) is not programmed (DONE status = 0).
set_property PROBES.FILE {} [get_hw_devices xc7z007s_1]
set_property FULL_PROBES.FILE {} [get_hw_devices xc7z007s_1]
set_property PROGRAM.FILE {C:/Users/uldrensov/Desktop/COMPE470L_WEEK6/COMPE470L_WEEK6.runs/impl_1/design_1_wrapper.bit} [get_hw_devices xc7z007s_1]
program_hw_devices [get_hw_devices xc7z007s_1]
INFO: [Labtools 27-3164] End of startup status: HIGH
refresh_hw_device [lindex [get_hw_devices xc7z007s_1] 0]
INFO: [Labtools 27-1434] Device xc7z007s (JTAG device index = 1) is programmed with a design that has no supported debug core(s) in it.
exit
INFO: [Common 17-206] Exiting Vivado at Sun Oct 13 01:50:14 2019...
