#-----------------------------------------------------------
# Vivado v2019.1 (64-bit)
# SW Build 2552052 on Fri May 24 14:49:42 MDT 2019
# IP Build 2548770 on Fri May 24 18:01:18 MDT 2019
# Start of session at: Sun Oct 13 22:51:37 2019
# Process ID: 12632
# Current directory: C:/Users/uldrensov/Desktop/COMPE470L_WEEK6
# Command line: vivado.exe -gui_launcher_event rodinguilauncherevent3624 C:\Users\uldrensov\Desktop\COMPE470L_WEEK6\COMPE470L_WEEK6.xpr
# Log file: C:/Users/uldrensov/Desktop/COMPE470L_WEEK6/vivado.log
# Journal file: C:/Users/uldrensov/Desktop/COMPE470L_WEEK6\vivado.jou
#-----------------------------------------------------------
start_gui
open_project C:/Users/uldrensov/Desktop/COMPE470L_WEEK6/COMPE470L_WEEK6.xpr
Scanning sources...
Finished scanning sources
INFO: [IP_Flow 19-234] Refreshing IP repositories
INFO: [IP_Flow 19-1704] No user IP repositories specified
INFO: [IP_Flow 19-2313] Loaded Vivado IP repository 'C:/Xilinx/Vivado/2019.1/data/ip'.
open_project: Time (s): cpu = 00:00:18 ; elapsed = 00:00:07 . Memory (MB): peak = 758.793 ; gain = 133.941
update_compile_order -fileset sources_1
reset_run synth_1
update_module_reference design_1_DIGITAL_CLOCK_0_0
INFO: [IP_Flow 19-5107] Inferred bus interface 'CLK' of definition 'xilinx.com:signal:clock:1.0' (from Xilinx Repository).
WARNING: [IP_Flow 19-3153] Bus Interface 'CLK': ASSOCIATED_BUSIF bus parameter is missing.
INFO: [IP_Flow 19-234] Refreshing IP repositories
INFO: [IP_Flow 19-1704] No user IP repositories specified
Adding component instance block -- xilinx.com:ip:processing_system7:5.5 - processing_system7_0
Adding component instance block -- xilinx.com:module_ref:DIGITAL_CLOCK:1.0 - DIGITAL_CLOCK_0
Successfully read diagram <design_1> from BD file <C:/Users/uldrensov/Desktop/COMPE470L_WEEK6/COMPE470L_WEEK6.srcs/sources_1/bd/design_1/design_1.bd>
Upgrading 'C:/Users/uldrensov/Desktop/COMPE470L_WEEK6/COMPE470L_WEEK6.srcs/sources_1/bd/design_1/design_1.bd'
INFO: [IP_Flow 19-3420] Updated design_1_DIGITAL_CLOCK_0_0 to use current project options
Wrote  : <C:\Users\uldrensov\Desktop\COMPE470L_WEEK6\COMPE470L_WEEK6.srcs\sources_1\bd\design_1\design_1.bd> 
Wrote  : <C:/Users/uldrensov/Desktop/COMPE470L_WEEK6/COMPE470L_WEEK6.srcs/sources_1/bd/design_1/ui/bd_1f5defd0.ui> 
upgrade_ip: Time (s): cpu = 00:00:10 ; elapsed = 00:00:07 . Memory (MB): peak = 962.492 ; gain = 0.000
update_module_reference: Time (s): cpu = 00:00:10 ; elapsed = 00:00:07 . Memory (MB): peak = 962.492 ; gain = 0.000
launch_runs synth_1 -jobs 4
WARNING: [BD 41-927] Following properties on pin /DIGITAL_CLOCK_0/CLK have been updated from connected ip. They may not be synchronized with cell properties. You can set property on pin directly to confirm the value and resolve the warning.
	CLK_DOMAIN=design_1_processing_system7_0_0_FCLK_CLK0 
Wrote  : <C:\Users\uldrensov\Desktop\COMPE470L_WEEK6\COMPE470L_WEEK6.srcs\sources_1\bd\design_1\design_1.bd> 
VHDL Output written to : C:/Users/uldrensov/Desktop/COMPE470L_WEEK6/COMPE470L_WEEK6.srcs/sources_1/bd/design_1/synth/design_1.v
VHDL Output written to : C:/Users/uldrensov/Desktop/COMPE470L_WEEK6/COMPE470L_WEEK6.srcs/sources_1/bd/design_1/sim/design_1.v
VHDL Output written to : C:/Users/uldrensov/Desktop/COMPE470L_WEEK6/COMPE470L_WEEK6.srcs/sources_1/bd/design_1/hdl/design_1_wrapper.v
INFO: [BD 41-1029] Generation completed for the IP Integrator block processing_system7_0 .
INFO: [BD 41-1029] Generation completed for the IP Integrator block DIGITAL_CLOCK_0 .
Exporting to file C:/Users/uldrensov/Desktop/COMPE470L_WEEK6/COMPE470L_WEEK6.srcs/sources_1/bd/design_1/hw_handoff/design_1.hwh
Generated Block Design Tcl file C:/Users/uldrensov/Desktop/COMPE470L_WEEK6/COMPE470L_WEEK6.srcs/sources_1/bd/design_1/hw_handoff/design_1_bd.tcl
Generated Hardware Definition File C:/Users/uldrensov/Desktop/COMPE470L_WEEK6/COMPE470L_WEEK6.srcs/sources_1/bd/design_1/synth/design_1.hwdef
[Sun Oct 13 23:04:29 2019] Launched design_1_DIGITAL_CLOCK_0_0_synth_1...
Run output will be captured here: C:/Users/uldrensov/Desktop/COMPE470L_WEEK6/COMPE470L_WEEK6.runs/design_1_DIGITAL_CLOCK_0_0_synth_1/runme.log
[Sun Oct 13 23:04:29 2019] Launched synth_1...
Run output will be captured here: C:/Users/uldrensov/Desktop/COMPE470L_WEEK6/COMPE470L_WEEK6.runs/synth_1/runme.log
launch_runs impl_1 -jobs 4
[Sun Oct 13 23:06:19 2019] Launched impl_1...
Run output will be captured here: C:/Users/uldrensov/Desktop/COMPE470L_WEEK6/COMPE470L_WEEK6.runs/impl_1/runme.log
launch_runs impl_1 -to_step write_bitstream -jobs 4
[Sun Oct 13 23:07:24 2019] Launched impl_1...
Run output will be captured here: C:/Users/uldrensov/Desktop/COMPE470L_WEEK6/COMPE470L_WEEK6.runs/impl_1/runme.log
open_hw
connect_hw_server
INFO: [Labtools 27-2285] Connecting to hw_server url TCP:localhost:3121
INFO: [Labtools 27-2222] Launching hw_server...
INFO: [Labtools 27-2221] Launch Output:

****** Xilinx hw_server v2019.1
  **** Build date : May 24 2019 at 15:13:31
    ** Copyright 1986-2019 Xilinx, Inc. All Rights Reserved.


open_hw_target
INFO: [Labtoolstcl 44-466] Opening hw_target localhost:3121/xilinx_tcf/Xilinx/1234-oj1A
open_hw_target: Time (s): cpu = 00:00:04 ; elapsed = 00:00:07 . Memory (MB): peak = 2184.594 ; gain = 1133.992
set_property PROGRAM.FILE {C:/Users/uldrensov/Desktop/COMPE470L_WEEK6/COMPE470L_WEEK6.runs/impl_1/design_1_wrapper.bit} [get_hw_devices xc7z007s_1]
current_hw_device [get_hw_devices xc7z007s_1]
refresh_hw_device -update_hw_probes false [lindex [get_hw_devices xc7z007s_1] 0]
INFO: [Labtools 27-2302] Device xc7z007s (JTAG device index = 1) is programmed with a design that has 2 ILA core(s).
set_property PROBES.FILE {} [get_hw_devices xc7z007s_1]
set_property FULL_PROBES.FILE {} [get_hw_devices xc7z007s_1]
set_property PROGRAM.FILE {C:/Users/uldrensov/Desktop/COMPE470L_WEEK6/COMPE470L_WEEK6.runs/impl_1/design_1_wrapper.bit} [get_hw_devices xc7z007s_1]
program_hw_devices [get_hw_devices xc7z007s_1]
INFO: [Labtools 27-3164] End of startup status: HIGH
refresh_hw_device [lindex [get_hw_devices xc7z007s_1] 0]
INFO: [Labtools 27-1434] Device xc7z007s (JTAG device index = 1) is programmed with a design that has no supported debug core(s) in it.
exit
INFO: [Common 17-206] Exiting Vivado at Sun Oct 13 23:13:01 2019...
